[0.817s] Invoking command in '/home/mimi/Documents/GitHub/P4/ros2_ws/src/tello': PYTHONPATH=/home/mimi/Documents/GitHub/P4/ros2_ws/build/tello/prefix_override:/home/mimi/Documents/GitHub/P4/ros2_ws/install/tello/lib/python3.10/site-packages:${PYTHONPATH} /usr/bin/python3 setup.py egg_info --egg-base ../../build/tello build --build-base /home/mimi/Documents/GitHub/P4/ros2_ws/build/tello/build install --record /home/mimi/Documents/GitHub/P4/ros2_ws/build/tello/install.log --single-version-externally-managed
[1.014s] running egg_info
[1.015s] writing ../../build/tello/tello.egg-info/PKG-INFO
[1.015s] writing dependency_links to ../../build/tello/tello.egg-info/dependency_links.txt
[1.015s] writing entry points to ../../build/tello/tello.egg-info/entry_points.txt
[1.015s] writing requirements to ../../build/tello/tello.egg-info/requires.txt
[1.015s] writing top-level names to ../../build/tello/tello.egg-info/top_level.txt
[1.017s] reading manifest file '../../build/tello/tello.egg-info/SOURCES.txt'
[1.017s] writing manifest file '../../build/tello/tello.egg-info/SOURCES.txt'
[1.017s] running build
[1.017s] running build_py
[1.018s] running install
[1.018s] running install_lib
[1.019s] byte-compiling /home/mimi/Documents/GitHub/P4/ros2_ws/install/tello/lib/python3.10/site-packages/tello/image_processor.py to image_processor.cpython-310.pyc
[1.020s] running install_data
[1.021s] running install_egg_info
[1.022s] removing '/home/mimi/Documents/GitHub/P4/ros2_ws/install/tello/lib/python3.10/site-packages/tello-0.0.0-py3.10.egg-info' (and everything under it)
[1.022s] Copying ../../build/tello/tello.egg-info to /home/mimi/Documents/GitHub/P4/ros2_ws/install/tello/lib/python3.10/site-packages/tello-0.0.0-py3.10.egg-info
[1.023s] running install_scripts
[1.040s] Installing connector script to /home/mimi/Documents/GitHub/P4/ros2_ws/install/tello/lib/tello
[1.040s] Installing image_processor script to /home/mimi/Documents/GitHub/P4/ros2_ws/install/tello/lib/tello
[1.040s] Installing movement script to /home/mimi/Documents/GitHub/P4/ros2_ws/install/tello/lib/tello
[1.040s] writing list of installed files to '/home/mimi/Documents/GitHub/P4/ros2_ws/build/tello/install.log'
[1.210s] Invoked command in '/home/mimi/Documents/GitHub/P4/ros2_ws/src/tello' returned '0': PYTHONPATH=/home/mimi/Documents/GitHub/P4/ros2_ws/build/tello/prefix_override:/home/mimi/Documents/GitHub/P4/ros2_ws/install/tello/lib/python3.10/site-packages:${PYTHONPATH} /usr/bin/python3 setup.py egg_info --egg-base ../../build/tello build --build-base /home/mimi/Documents/GitHub/P4/ros2_ws/build/tello/build install --record /home/mimi/Documents/GitHub/P4/ros2_ws/build/tello/install.log --single-version-externally-managed
