[0.910s] Invoking command in '/home/mimi/4_sem_proj_ws/src/movement': PYTHONPATH=/home/mimi/4_sem_proj_ws/build/movement/prefix_override:/home/mimi/4_sem_proj_ws/install/movement/lib/python3.10/site-packages:${PYTHONPATH} /usr/bin/python3 setup.py egg_info --egg-base ../../build/movement build --build-base /home/mimi/4_sem_proj_ws/build/movement/build install --record /home/mimi/4_sem_proj_ws/build/movement/install.log --single-version-externally-managed
[1.124s] running egg_info
[1.125s] creating ../../build/movement/movement.egg-info
[1.125s] writing ../../build/movement/movement.egg-info/PKG-INFO
[1.125s] writing dependency_links to ../../build/movement/movement.egg-info/dependency_links.txt
[1.125s] writing entry points to ../../build/movement/movement.egg-info/entry_points.txt
[1.125s] writing requirements to ../../build/movement/movement.egg-info/requires.txt
[1.125s] writing top-level names to ../../build/movement/movement.egg-info/top_level.txt
[1.125s] writing manifest file '../../build/movement/movement.egg-info/SOURCES.txt'
[1.125s] reading manifest file '../../build/movement/movement.egg-info/SOURCES.txt'
[1.125s] writing manifest file '../../build/movement/movement.egg-info/SOURCES.txt'
[1.125s] running build
[1.125s] running build_py
[1.125s] creating /home/mimi/4_sem_proj_ws/build/movement/build
[1.126s] creating /home/mimi/4_sem_proj_ws/build/movement/build/lib
[1.126s] creating /home/mimi/4_sem_proj_ws/build/movement/build/lib/movement
[1.126s] copying movement/__init__.py -> /home/mimi/4_sem_proj_ws/build/movement/build/lib/movement
[1.126s] running install
[1.126s] running install_lib
[1.126s] creating /home/mimi/4_sem_proj_ws/install/movement/lib/python3.10/site-packages/movement
[1.126s] copying /home/mimi/4_sem_proj_ws/build/movement/build/lib/movement/__init__.py -> /home/mimi/4_sem_proj_ws/install/movement/lib/python3.10/site-packages/movement
[1.126s] byte-compiling /home/mimi/4_sem_proj_ws/install/movement/lib/python3.10/site-packages/movement/__init__.py to __init__.cpython-310.pyc
[1.127s] running install_data
[1.127s] creating /home/mimi/4_sem_proj_ws/install/movement/share/ament_index
[1.127s] creating /home/mimi/4_sem_proj_ws/install/movement/share/ament_index/resource_index
[1.127s] creating /home/mimi/4_sem_proj_ws/install/movement/share/ament_index/resource_index/packages
[1.127s] copying resource/movement -> /home/mimi/4_sem_proj_ws/install/movement/share/ament_index/resource_index/packages
[1.127s] copying package.xml -> /home/mimi/4_sem_proj_ws/install/movement/share/movement
[1.127s] running install_egg_info
[1.127s] Copying ../../build/movement/movement.egg-info to /home/mimi/4_sem_proj_ws/install/movement/lib/python3.10/site-packages/movement-0.0.0-py3.10.egg-info
[1.127s] running install_scripts
[1.149s] writing list of installed files to '/home/mimi/4_sem_proj_ws/build/movement/install.log'
[1.196s] Invoked command in '/home/mimi/4_sem_proj_ws/src/movement' returned '0': PYTHONPATH=/home/mimi/4_sem_proj_ws/build/movement/prefix_override:/home/mimi/4_sem_proj_ws/install/movement/lib/python3.10/site-packages:${PYTHONPATH} /usr/bin/python3 setup.py egg_info --egg-base ../../build/movement build --build-base /home/mimi/4_sem_proj_ws/build/movement/build install --record /home/mimi/4_sem_proj_ws/build/movement/install.log --single-version-externally-managed
