[0.787s] Invoking command in '/home/mimi/Documents/GitHub/P4/ros2_ws/src/tello': PYTHONPATH=/home/mimi/Documents/GitHub/P4/ros2_ws/build/tello/prefix_override:/home/mimi/Documents/GitHub/P4/ros2_ws/install/tello/lib/python3.10/site-packages:${PYTHONPATH} /usr/bin/python3 setup.py egg_info --egg-base ../../build/tello build --build-base /home/mimi/Documents/GitHub/P4/ros2_ws/build/tello/build install --record /home/mimi/Documents/GitHub/P4/ros2_ws/build/tello/install.log --single-version-externally-managed
[0.981s] running egg_info
[0.981s] writing ../../build/tello/tello.egg-info/PKG-INFO
[0.982s] writing dependency_links to ../../build/tello/tello.egg-info/dependency_links.txt
[0.982s] writing entry points to ../../build/tello/tello.egg-info/entry_points.txt
[0.982s] writing requirements to ../../build/tello/tello.egg-info/requires.txt
[0.982s] writing top-level names to ../../build/tello/tello.egg-info/top_level.txt
[0.983s] reading manifest file '../../build/tello/tello.egg-info/SOURCES.txt'
[0.984s] writing manifest file '../../build/tello/tello.egg-info/SOURCES.txt'
[0.984s] running build
[0.984s] running build_py
[0.984s] running install
[0.985s] running install_lib
[0.985s] byte-compiling /home/mimi/Documents/GitHub/P4/ros2_ws/install/tello/lib/python3.10/site-packages/tello/image_processor.py to image_processor.cpython-310.pyc
[0.987s] byte-compiling /home/mimi/Documents/GitHub/P4/ros2_ws/install/tello/lib/python3.10/site-packages/tello/connector.py to connector.cpython-310.pyc
[0.988s] byte-compiling /home/mimi/Documents/GitHub/P4/ros2_ws/install/tello/lib/python3.10/site-packages/tello/movement.py to movement.cpython-310.pyc
[0.988s] running install_data
[0.989s] running install_egg_info
[0.990s] removing '/home/mimi/Documents/GitHub/P4/ros2_ws/install/tello/lib/python3.10/site-packages/tello-0.0.0-py3.10.egg-info' (and everything under it)
[0.990s] Copying ../../build/tello/tello.egg-info to /home/mimi/Documents/GitHub/P4/ros2_ws/install/tello/lib/python3.10/site-packages/tello-0.0.0-py3.10.egg-info
[0.990s] running install_scripts
[1.005s] Installing connector script to /home/mimi/Documents/GitHub/P4/ros2_ws/install/tello/lib/tello
[1.005s] Installing image_processor script to /home/mimi/Documents/GitHub/P4/ros2_ws/install/tello/lib/tello
[1.005s] Installing movement script to /home/mimi/Documents/GitHub/P4/ros2_ws/install/tello/lib/tello
[1.005s] writing list of installed files to '/home/mimi/Documents/GitHub/P4/ros2_ws/build/tello/install.log'
[1.156s] Invoked command in '/home/mimi/Documents/GitHub/P4/ros2_ws/src/tello' returned '0': PYTHONPATH=/home/mimi/Documents/GitHub/P4/ros2_ws/build/tello/prefix_override:/home/mimi/Documents/GitHub/P4/ros2_ws/install/tello/lib/python3.10/site-packages:${PYTHONPATH} /usr/bin/python3 setup.py egg_info --egg-base ../../build/tello build --build-base /home/mimi/Documents/GitHub/P4/ros2_ws/build/tello/build install --record /home/mimi/Documents/GitHub/P4/ros2_ws/build/tello/install.log --single-version-externally-managed
