[0.260s] DEBUG:colcon:Command line arguments: ['/usr/bin/colcon', 'build', '--symlink-install']
[0.260s] DEBUG:colcon:Parsed command line arguments: Namespace(log_base=None, log_level=None, verb_name='build', build_base='build', install_base='install', merge_install=False, symlink_install=True, test_result_base=None, continue_on_error=False, executor='parallel', parallel_workers=8, event_handlers=None, ignore_user_meta=False, metas=['./colcon.meta'], base_paths=['.'], packages_ignore=None, packages_ignore_regex=None, paths=None, packages_up_to=None, packages_up_to_regex=None, packages_above=None, packages_above_and_dependencies=None, packages_above_depth=None, packages_select_by_dep=None, packages_skip_by_dep=None, packages_skip_up_to=None, packages_select_build_failed=False, packages_skip_build_finished=False, packages_select_test_failures=False, packages_skip_test_passed=False, packages_select=None, packages_skip=None, packages_select_regex=None, packages_skip_regex=None, packages_start=None, packages_end=None, allow_overriding=[], cmake_args=None, cmake_target=None, cmake_target_skip_unavailable=False, cmake_clean_cache=False, cmake_clean_first=False, cmake_force_configure=False, ament_cmake_args=None, catkin_cmake_args=None, catkin_skip_building_tests=False, verb_parser=<colcon_defaults.argument_parser.defaults.DefaultArgumentsDecorator object at 0x7fbce46d6200>, verb_extension=<colcon_core.verb.build.BuildVerb object at 0x7fbce4eb2ef0>, main=<bound method BuildVerb.main of <colcon_core.verb.build.BuildVerb object at 0x7fbce4eb2ef0>>)
[0.296s] Level 1:colcon.colcon_core.package_discovery:discover_packages(colcon_meta) check parameters
[0.296s] Level 1:colcon.colcon_core.package_discovery:discover_packages(recursive) check parameters
[0.296s] Level 1:colcon.colcon_core.package_discovery:discover_packages(ignore) check parameters
[0.296s] Level 1:colcon.colcon_core.package_discovery:discover_packages(path) check parameters
[0.296s] Level 1:colcon.colcon_core.package_discovery:discover_packages(colcon_meta) discover
[0.296s] Level 1:colcon.colcon_core.package_discovery:discover_packages(recursive) discover
[0.296s] INFO:colcon.colcon_core.package_discovery:Crawling recursively for packages in '/home/jonas/ros2_ws'
[0.296s] Level 1:colcon.colcon_core.package_identification:_identify(.) by extensions ['ignore', 'ignore_ament_install']
[0.296s] Level 1:colcon.colcon_core.package_identification:_identify(.) by extension 'ignore'
[0.296s] Level 1:colcon.colcon_core.package_identification:_identify(.) by extension 'ignore_ament_install'
[0.296s] Level 1:colcon.colcon_core.package_identification:_identify(.) by extensions ['colcon_pkg']
[0.296s] Level 1:colcon.colcon_core.package_identification:_identify(.) by extension 'colcon_pkg'
[0.296s] Level 1:colcon.colcon_core.package_identification:_identify(.) by extensions ['colcon_meta']
[0.296s] Level 1:colcon.colcon_core.package_identification:_identify(.) by extension 'colcon_meta'
[0.296s] Level 1:colcon.colcon_core.package_identification:_identify(.) by extensions ['ros']
[0.296s] Level 1:colcon.colcon_core.package_identification:_identify(.) by extension 'ros'
[0.309s] Level 1:colcon.colcon_core.package_identification:_identify(.) by extensions ['cmake', 'python']
[0.309s] Level 1:colcon.colcon_core.package_identification:_identify(.) by extension 'cmake'
[0.309s] Level 1:colcon.colcon_core.package_identification:_identify(.) by extension 'python'
[0.309s] Level 1:colcon.colcon_core.package_identification:_identify(.) by extensions ['python_setup_py']
[0.309s] Level 1:colcon.colcon_core.package_identification:_identify(.) by extension 'python_setup_py'
[0.309s] Level 1:colcon.colcon_core.package_identification:_identify(build) by extensions ['ignore', 'ignore_ament_install']
[0.309s] Level 1:colcon.colcon_core.package_identification:_identify(build) by extension 'ignore'
[0.309s] Level 1:colcon.colcon_core.package_identification:_identify(build) ignored
[0.309s] Level 1:colcon.colcon_core.package_identification:_identify(install) by extensions ['ignore', 'ignore_ament_install']
[0.309s] Level 1:colcon.colcon_core.package_identification:_identify(install) by extension 'ignore'
[0.309s] Level 1:colcon.colcon_core.package_identification:_identify(install) ignored
[0.309s] Level 1:colcon.colcon_core.package_identification:_identify(log) by extensions ['ignore', 'ignore_ament_install']
[0.310s] Level 1:colcon.colcon_core.package_identification:_identify(log) by extension 'ignore'
[0.310s] Level 1:colcon.colcon_core.package_identification:_identify(log) ignored
[0.310s] Level 1:colcon.colcon_core.package_identification:_identify(src) by extensions ['ignore', 'ignore_ament_install']
[0.310s] Level 1:colcon.colcon_core.package_identification:_identify(src) by extension 'ignore'
[0.310s] Level 1:colcon.colcon_core.package_identification:_identify(src) by extension 'ignore_ament_install'
[0.310s] Level 1:colcon.colcon_core.package_identification:_identify(src) by extensions ['colcon_pkg']
[0.310s] Level 1:colcon.colcon_core.package_identification:_identify(src) by extension 'colcon_pkg'
[0.310s] Level 1:colcon.colcon_core.package_identification:_identify(src) by extensions ['colcon_meta']
[0.310s] Level 1:colcon.colcon_core.package_identification:_identify(src) by extension 'colcon_meta'
[0.310s] Level 1:colcon.colcon_core.package_identification:_identify(src) by extensions ['ros']
[0.310s] Level 1:colcon.colcon_core.package_identification:_identify(src) by extension 'ros'
[0.310s] Level 1:colcon.colcon_core.package_identification:_identify(src) by extensions ['cmake', 'python']
[0.310s] Level 1:colcon.colcon_core.package_identification:_identify(src) by extension 'cmake'
[0.310s] Level 1:colcon.colcon_core.package_identification:_identify(src) by extension 'python'
[0.310s] Level 1:colcon.colcon_core.package_identification:_identify(src) by extensions ['python_setup_py']
[0.310s] Level 1:colcon.colcon_core.package_identification:_identify(src) by extension 'python_setup_py'
[0.310s] Level 1:colcon.colcon_core.package_identification:_identify(src/tello) by extensions ['ignore', 'ignore_ament_install']
[0.310s] Level 1:colcon.colcon_core.package_identification:_identify(src/tello) by extension 'ignore'
[0.310s] Level 1:colcon.colcon_core.package_identification:_identify(src/tello) by extension 'ignore_ament_install'
[0.310s] Level 1:colcon.colcon_core.package_identification:_identify(src/tello) by extensions ['colcon_pkg']
[0.310s] Level 1:colcon.colcon_core.package_identification:_identify(src/tello) by extension 'colcon_pkg'
[0.310s] Level 1:colcon.colcon_core.package_identification:_identify(src/tello) by extensions ['colcon_meta']
[0.310s] Level 1:colcon.colcon_core.package_identification:_identify(src/tello) by extension 'colcon_meta'
[0.310s] Level 1:colcon.colcon_core.package_identification:_identify(src/tello) by extensions ['ros']
[0.310s] Level 1:colcon.colcon_core.package_identification:_identify(src/tello) by extension 'ros'
[0.313s] DEBUG:colcon.colcon_core.package_identification:Package 'src/tello' with type 'ros.ament_python' and name 'tello'
[0.313s] Level 1:colcon.colcon_core.package_discovery:discover_packages(recursive) using defaults
[0.313s] Level 1:colcon.colcon_core.package_discovery:discover_packages(ignore) discover
[0.313s] Level 1:colcon.colcon_core.package_discovery:discover_packages(ignore) using defaults
[0.313s] Level 1:colcon.colcon_core.package_discovery:discover_packages(path) discover
[0.313s] Level 1:colcon.colcon_core.package_discovery:discover_packages(path) using defaults
[0.335s] Level 1:colcon.colcon_core.package_discovery:discover_packages(prefix_path) check parameters
[0.335s] Level 1:colcon.colcon_core.package_discovery:discover_packages(prefix_path) discover
[0.338s] DEBUG:colcon.colcon_installed_package_information.package_discovery:Found 2 installed packages in /home/jonas/ros2_ws/install
[0.340s] DEBUG:colcon.colcon_installed_package_information.package_discovery:Found 316 installed packages in /opt/ros/humble
[0.341s] Level 1:colcon.colcon_core.package_discovery:discover_packages(prefix_path) using defaults
[0.385s] Level 5:colcon.colcon_core.verb:set package 'tello' build argument 'cmake_args' from command line to 'None'
[0.385s] Level 5:colcon.colcon_core.verb:set package 'tello' build argument 'cmake_target' from command line to 'None'
[0.385s] Level 5:colcon.colcon_core.verb:set package 'tello' build argument 'cmake_target_skip_unavailable' from command line to 'False'
[0.385s] Level 5:colcon.colcon_core.verb:set package 'tello' build argument 'cmake_clean_cache' from command line to 'False'
[0.385s] Level 5:colcon.colcon_core.verb:set package 'tello' build argument 'cmake_clean_first' from command line to 'False'
[0.385s] Level 5:colcon.colcon_core.verb:set package 'tello' build argument 'cmake_force_configure' from command line to 'False'
[0.385s] Level 5:colcon.colcon_core.verb:set package 'tello' build argument 'ament_cmake_args' from command line to 'None'
[0.385s] Level 5:colcon.colcon_core.verb:set package 'tello' build argument 'catkin_cmake_args' from command line to 'None'
[0.385s] Level 5:colcon.colcon_core.verb:set package 'tello' build argument 'catkin_skip_building_tests' from command line to 'False'
[0.385s] DEBUG:colcon.colcon_core.verb:Building package 'tello' with the following arguments: {'ament_cmake_args': None, 'build_base': '/home/jonas/ros2_ws/build/tello', 'catkin_cmake_args': None, 'catkin_skip_building_tests': False, 'cmake_args': None, 'cmake_clean_cache': False, 'cmake_clean_first': False, 'cmake_force_configure': False, 'cmake_target': None, 'cmake_target_skip_unavailable': False, 'install_base': '/home/jonas/ros2_ws/install/tello', 'merge_install': False, 'path': '/home/jonas/ros2_ws/src/tello', 'symlink_install': True, 'test_result_base': None}
[0.386s] INFO:colcon.colcon_core.executor:Executing jobs using 'parallel' executor
[0.388s] DEBUG:colcon.colcon_parallel_executor.executor.parallel:run_until_complete
[0.388s] INFO:colcon.colcon_ros.task.ament_python.build:Building ROS package in '/home/jonas/ros2_ws/src/tello' with build type 'ament_python'
[0.388s] Level 1:colcon.colcon_core.shell:create_environment_hook('tello', 'ament_prefix_path')
[0.392s] INFO:colcon.colcon_core.plugin_system:Skipping extension 'colcon_core.shell.bat': Not used on non-Windows systems
[0.392s] INFO:colcon.colcon_core.shell:Creating environment hook '/home/jonas/ros2_ws/install/tello/share/tello/hook/ament_prefix_path.ps1'
[0.393s] INFO:colcon.colcon_core.shell:Creating environment descriptor '/home/jonas/ros2_ws/install/tello/share/tello/hook/ament_prefix_path.dsv'
[0.393s] INFO:colcon.colcon_core.shell:Creating environment hook '/home/jonas/ros2_ws/install/tello/share/tello/hook/ament_prefix_path.sh'
[0.395s] INFO:colcon.colcon_core.shell:Skip shell extension 'powershell' for command environment: Not usable outside of PowerShell
[0.395s] DEBUG:colcon.colcon_core.shell:Skip shell extension 'dsv' for command environment
[0.739s] INFO:colcon.colcon_core.task.python.build:Building Python package in '/home/jonas/ros2_ws/src/tello'
[0.740s] INFO:colcon.colcon_core.shell:Skip shell extension 'powershell' for command environment: Not usable outside of PowerShell
[0.740s] DEBUG:colcon.colcon_core.shell:Skip shell extension 'dsv' for command environment
[1.165s] DEBUG:colcon.colcon_core.event_handler.log_command:Invoking command in '/home/jonas/ros2_ws/build/tello': PYTHONPATH=/home/jonas/ros2_ws/build/tello/prefix_override:/home/jonas/ros2_ws/install/tello/lib/python3.10/site-packages:${PYTHONPATH} /usr/bin/python3 setup.py develop --editable --build-directory /home/jonas/ros2_ws/build/tello/build --no-deps install_data
[1.639s] Level 1:colcon.colcon_core.shell:create_environment_hook('tello', 'pythonpath_develop')
[1.639s] DEBUG:colcon.colcon_core.event_handler.log_command:Invoked command in '/home/jonas/ros2_ws/build/tello' returned '0': PYTHONPATH=/home/jonas/ros2_ws/build/tello/prefix_override:/home/jonas/ros2_ws/install/tello/lib/python3.10/site-packages:${PYTHONPATH} /usr/bin/python3 setup.py develop --editable --build-directory /home/jonas/ros2_ws/build/tello/build --no-deps install_data
[1.640s] INFO:colcon.colcon_core.shell:Creating environment hook '/home/jonas/ros2_ws/build/tello/share/tello/hook/pythonpath_develop.ps1'
[1.641s] INFO:colcon.colcon_core.shell:Creating environment descriptor '/home/jonas/ros2_ws/build/tello/share/tello/hook/pythonpath_develop.dsv'
[1.641s] INFO:colcon.colcon_core.shell:Creating environment hook '/home/jonas/ros2_ws/build/tello/share/tello/hook/pythonpath_develop.sh'
[1.650s] Level 1:colcon.colcon_core.environment:checking '/home/jonas/ros2_ws/install/tello' for CMake module files
[1.650s] Level 1:colcon.colcon_core.environment:checking '/home/jonas/ros2_ws/install/tello' for CMake config files
[1.651s] Level 1:colcon.colcon_core.environment:checking '/home/jonas/ros2_ws/install/tello/lib'
[1.651s] Level 1:colcon.colcon_core.environment:checking '/home/jonas/ros2_ws/install/tello/bin'
[1.651s] Level 1:colcon.colcon_core.environment:checking '/home/jonas/ros2_ws/install/tello/lib/pkgconfig/tello.pc'
[1.651s] Level 1:colcon.colcon_core.environment:checking '/home/jonas/ros2_ws/install/tello/lib/python3.10/site-packages'
[1.651s] Level 1:colcon.colcon_core.shell:create_environment_hook('tello', 'pythonpath')
[1.652s] INFO:colcon.colcon_core.shell:Creating environment hook '/home/jonas/ros2_ws/install/tello/share/tello/hook/pythonpath.ps1'
[1.652s] INFO:colcon.colcon_core.shell:Creating environment descriptor '/home/jonas/ros2_ws/install/tello/share/tello/hook/pythonpath.dsv'
[1.652s] INFO:colcon.colcon_core.shell:Creating environment hook '/home/jonas/ros2_ws/install/tello/share/tello/hook/pythonpath.sh'
[1.653s] Level 1:colcon.colcon_core.environment:checking '/home/jonas/ros2_ws/install/tello/bin'
[1.653s] Level 1:colcon.colcon_core.environment:create_environment_scripts_only(tello)
[1.654s] INFO:colcon.colcon_core.shell:Creating package script '/home/jonas/ros2_ws/install/tello/share/tello/package.ps1'
[1.655s] INFO:colcon.colcon_core.shell:Creating package descriptor '/home/jonas/ros2_ws/install/tello/share/tello/package.dsv'
[1.655s] INFO:colcon.colcon_core.shell:Creating package script '/home/jonas/ros2_ws/install/tello/share/tello/package.sh'
[1.656s] INFO:colcon.colcon_core.shell:Creating package script '/home/jonas/ros2_ws/install/tello/share/tello/package.bash'
[1.657s] INFO:colcon.colcon_core.shell:Creating package script '/home/jonas/ros2_ws/install/tello/share/tello/package.zsh'
[1.657s] Level 1:colcon.colcon_core.environment:create_file_with_runtime_dependencies(/home/jonas/ros2_ws/install/tello/share/colcon-core/packages/tello)
[1.658s] DEBUG:colcon.colcon_parallel_executor.executor.parallel:closing loop
[1.658s] DEBUG:colcon.colcon_parallel_executor.executor.parallel:loop closed
[1.658s] DEBUG:colcon.colcon_parallel_executor.executor.parallel:run_until_complete finished with '0'
[1.658s] DEBUG:colcon.colcon_core.event_reactor:joining thread
[1.663s] INFO:colcon.colcon_core.plugin_system:Skipping extension 'colcon_notification.desktop_notification.terminal_notifier': Not used on non-Darwin systems
[1.664s] INFO:colcon.colcon_core.plugin_system:Skipping extension 'colcon_notification.desktop_notification.win32': Not used on non-Windows systems
[1.664s] INFO:colcon.colcon_notification.desktop_notification:Sending desktop notification using 'notify2'
[1.679s] DEBUG:colcon.colcon_core.event_reactor:joined thread
[1.680s] INFO:colcon.colcon_core.shell:Creating prefix script '/home/jonas/ros2_ws/install/local_setup.ps1'
[1.681s] INFO:colcon.colcon_core.shell:Creating prefix util module '/home/jonas/ros2_ws/install/_local_setup_util_ps1.py'
[1.682s] INFO:colcon.colcon_core.shell:Creating prefix chain script '/home/jonas/ros2_ws/install/setup.ps1'
[1.683s] INFO:colcon.colcon_core.shell:Creating prefix script '/home/jonas/ros2_ws/install/local_setup.sh'
[1.684s] INFO:colcon.colcon_core.shell:Creating prefix util module '/home/jonas/ros2_ws/install/_local_setup_util_sh.py'
[1.684s] INFO:colcon.colcon_core.shell:Creating prefix chain script '/home/jonas/ros2_ws/install/setup.sh'
[1.685s] INFO:colcon.colcon_core.shell:Creating prefix script '/home/jonas/ros2_ws/install/local_setup.bash'
[1.686s] INFO:colcon.colcon_core.shell:Creating prefix chain script '/home/jonas/ros2_ws/install/setup.bash'
[1.687s] INFO:colcon.colcon_core.shell:Creating prefix script '/home/jonas/ros2_ws/install/local_setup.zsh'
[1.688s] INFO:colcon.colcon_core.shell:Creating prefix chain script '/home/jonas/ros2_ws/install/setup.zsh'
