running egg_info
writing ../../build/tello/tello.egg-info/PKG-INFO
writing dependency_links to ../../build/tello/tello.egg-info/dependency_links.txt
writing entry points to ../../build/tello/tello.egg-info/entry_points.txt
writing requirements to ../../build/tello/tello.egg-info/requires.txt
writing top-level names to ../../build/tello/tello.egg-info/top_level.txt
reading manifest file '../../build/tello/tello.egg-info/SOURCES.txt'
writing manifest file '../../build/tello/tello.egg-info/SOURCES.txt'
running build
running build_py
copying tello/image_processor.py -> /home/mimi/Documents/GitHub/P4/ros2_ws/build/tello/build/lib/tello
copying tello/connector.py -> /home/mimi/Documents/GitHub/P4/ros2_ws/build/tello/build/lib/tello
copying tello/movement.py -> /home/mimi/Documents/GitHub/P4/ros2_ws/build/tello/build/lib/tello
running install
running install_lib
copying /home/mimi/Documents/GitHub/P4/ros2_ws/build/tello/build/lib/tello/image_processor.py -> /home/mimi/Documents/GitHub/P4/ros2_ws/install/tello/lib/python3.10/site-packages/tello
copying /home/mimi/Documents/GitHub/P4/ros2_ws/build/tello/build/lib/tello/connector.py -> /home/mimi/Documents/GitHub/P4/ros2_ws/install/tello/lib/python3.10/site-packages/tello
copying /home/mimi/Documents/GitHub/P4/ros2_ws/build/tello/build/lib/tello/movement.py -> /home/mimi/Documents/GitHub/P4/ros2_ws/install/tello/lib/python3.10/site-packages/tello
byte-compiling /home/mimi/Documents/GitHub/P4/ros2_ws/install/tello/lib/python3.10/site-packages/tello/image_processor.py to image_processor.cpython-310.pyc
byte-compiling /home/mimi/Documents/GitHub/P4/ros2_ws/install/tello/lib/python3.10/site-packages/tello/connector.py to connector.cpython-310.pyc
byte-compiling /home/mimi/Documents/GitHub/P4/ros2_ws/install/tello/lib/python3.10/site-packages/tello/movement.py to movement.cpython-310.pyc
running install_data
running install_egg_info
removing '/home/mimi/Documents/GitHub/P4/ros2_ws/install/tello/lib/python3.10/site-packages/tello-0.0.0-py3.10.egg-info' (and everything under it)
Copying ../../build/tello/tello.egg-info to /home/mimi/Documents/GitHub/P4/ros2_ws/install/tello/lib/python3.10/site-packages/tello-0.0.0-py3.10.egg-info
running install_scripts
Installing connector script to /home/mimi/Documents/GitHub/P4/ros2_ws/install/tello/lib/tello
writing list of installed files to '/home/mimi/Documents/GitHub/P4/ros2_ws/build/tello/install.log'
