[0.460s] Invoking command in '/home/mimi/Documents/GitHub/P4/ros2_ws/src/tello': PYTHONPATH=/home/mimi/Documents/GitHub/P4/ros2_ws/build/tello/prefix_override:/home/mimi/Documents/GitHub/P4/ros2_ws/install/tello/lib/python3.10/site-packages:${PYTHONPATH} /usr/bin/python3 setup.py egg_info --egg-base ../../build/tello build --build-base /home/mimi/Documents/GitHub/P4/ros2_ws/build/tello/build install --record /home/mimi/Documents/GitHub/P4/ros2_ws/build/tello/install.log --single-version-externally-managed
[0.634s] running egg_info
[0.634s] writing ../../build/tello/tello.egg-info/PKG-INFO
[0.635s] writing dependency_links to ../../build/tello/tello.egg-info/dependency_links.txt
[0.635s] writing entry points to ../../build/tello/tello.egg-info/entry_points.txt
[0.635s] writing requirements to ../../build/tello/tello.egg-info/requires.txt
[0.635s] writing top-level names to ../../build/tello/tello.egg-info/top_level.txt
[0.636s] reading manifest file '../../build/tello/tello.egg-info/SOURCES.txt'
[0.637s] writing manifest file '../../build/tello/tello.egg-info/SOURCES.txt'
[0.637s] running build
[0.637s] running build_py
[0.637s] copying tello/image_processor.py -> /home/mimi/Documents/GitHub/P4/ros2_ws/build/tello/build/lib/tello
[0.638s] copying tello/connector.py -> /home/mimi/Documents/GitHub/P4/ros2_ws/build/tello/build/lib/tello
[0.638s] copying tello/movement.py -> /home/mimi/Documents/GitHub/P4/ros2_ws/build/tello/build/lib/tello
[0.638s] running install
[0.638s] running install_lib
[0.638s] copying /home/mimi/Documents/GitHub/P4/ros2_ws/build/tello/build/lib/tello/image_processor.py -> /home/mimi/Documents/GitHub/P4/ros2_ws/install/tello/lib/python3.10/site-packages/tello
[0.639s] copying /home/mimi/Documents/GitHub/P4/ros2_ws/build/tello/build/lib/tello/connector.py -> /home/mimi/Documents/GitHub/P4/ros2_ws/install/tello/lib/python3.10/site-packages/tello
[0.639s] copying /home/mimi/Documents/GitHub/P4/ros2_ws/build/tello/build/lib/tello/movement.py -> /home/mimi/Documents/GitHub/P4/ros2_ws/install/tello/lib/python3.10/site-packages/tello
[0.639s] byte-compiling /home/mimi/Documents/GitHub/P4/ros2_ws/install/tello/lib/python3.10/site-packages/tello/image_processor.py to image_processor.cpython-310.pyc
[0.641s] byte-compiling /home/mimi/Documents/GitHub/P4/ros2_ws/install/tello/lib/python3.10/site-packages/tello/connector.py to connector.cpython-310.pyc
[0.641s] byte-compiling /home/mimi/Documents/GitHub/P4/ros2_ws/install/tello/lib/python3.10/site-packages/tello/movement.py to movement.cpython-310.pyc
[0.642s] running install_data
[0.642s] running install_egg_info
[0.644s] removing '/home/mimi/Documents/GitHub/P4/ros2_ws/install/tello/lib/python3.10/site-packages/tello-0.0.0-py3.10.egg-info' (and everything under it)
[0.644s] Copying ../../build/tello/tello.egg-info to /home/mimi/Documents/GitHub/P4/ros2_ws/install/tello/lib/python3.10/site-packages/tello-0.0.0-py3.10.egg-info
[0.644s] running install_scripts
[0.658s] Installing connector script to /home/mimi/Documents/GitHub/P4/ros2_ws/install/tello/lib/tello
[0.658s] writing list of installed files to '/home/mimi/Documents/GitHub/P4/ros2_ws/build/tello/install.log'
[0.675s] Invoked command in '/home/mimi/Documents/GitHub/P4/ros2_ws/src/tello' returned '0': PYTHONPATH=/home/mimi/Documents/GitHub/P4/ros2_ws/build/tello/prefix_override:/home/mimi/Documents/GitHub/P4/ros2_ws/install/tello/lib/python3.10/site-packages:${PYTHONPATH} /usr/bin/python3 setup.py egg_info --egg-base ../../build/tello build --build-base /home/mimi/Documents/GitHub/P4/ros2_ws/build/tello/build install --record /home/mimi/Documents/GitHub/P4/ros2_ws/build/tello/install.log --single-version-externally-managed
