[0.917s] Invoking command in '/home/mimi/4_sem_proj_ws/src/movement': PYTHONPATH=/home/mimi/4_sem_proj_ws/build/movement/prefix_override:/home/mimi/4_sem_proj_ws/install/movement/lib/python3.10/site-packages:${PYTHONPATH} /usr/bin/python3 setup.py egg_info --egg-base ../../build/movement build --build-base /home/mimi/4_sem_proj_ws/build/movement/build install --record /home/mimi/4_sem_proj_ws/build/movement/install.log --single-version-externally-managed
[1.136s] running egg_info
[1.138s] writing ../../build/movement/movement.egg-info/PKG-INFO
[1.139s] writing dependency_links to ../../build/movement/movement.egg-info/dependency_links.txt
[1.139s] writing entry points to ../../build/movement/movement.egg-info/entry_points.txt
[1.140s] writing requirements to ../../build/movement/movement.egg-info/requires.txt
[1.140s] writing top-level names to ../../build/movement/movement.egg-info/top_level.txt
[1.144s] reading manifest file '../../build/movement/movement.egg-info/SOURCES.txt'
[1.144s] writing manifest file '../../build/movement/movement.egg-info/SOURCES.txt'
[1.144s] running build
[1.144s] running build_py
[1.144s] running install
[1.144s] running install_lib
[1.145s] running install_data
[1.145s] running install_egg_info
[1.146s] removing '/home/mimi/4_sem_proj_ws/install/movement/lib/python3.10/site-packages/movement-0.0.0-py3.10.egg-info' (and everything under it)
[1.146s] Copying ../../build/movement/movement.egg-info to /home/mimi/4_sem_proj_ws/install/movement/lib/python3.10/site-packages/movement-0.0.0-py3.10.egg-info
[1.146s] running install_scripts
[1.160s] writing list of installed files to '/home/mimi/4_sem_proj_ws/build/movement/install.log'
[1.193s] Invoked command in '/home/mimi/4_sem_proj_ws/src/movement' returned '0': PYTHONPATH=/home/mimi/4_sem_proj_ws/build/movement/prefix_override:/home/mimi/4_sem_proj_ws/install/movement/lib/python3.10/site-packages:${PYTHONPATH} /usr/bin/python3 setup.py egg_info --egg-base ../../build/movement build --build-base /home/mimi/4_sem_proj_ws/build/movement/build install --record /home/mimi/4_sem_proj_ws/build/movement/install.log --single-version-externally-managed
