running egg_info
creating ../../build/tello_launch/tello_launch.egg-info
writing ../../build/tello_launch/tello_launch.egg-info/PKG-INFO
writing dependency_links to ../../build/tello_launch/tello_launch.egg-info/dependency_links.txt
writing entry points to ../../build/tello_launch/tello_launch.egg-info/entry_points.txt
writing requirements to ../../build/tello_launch/tello_launch.egg-info/requires.txt
writing top-level names to ../../build/tello_launch/tello_launch.egg-info/top_level.txt
writing manifest file '../../build/tello_launch/tello_launch.egg-info/SOURCES.txt'
reading manifest file '../../build/tello_launch/tello_launch.egg-info/SOURCES.txt'
writing manifest file '../../build/tello_launch/tello_launch.egg-info/SOURCES.txt'
running build
running build_py
creating /home/mimi/Documents/GitHub/P4/ros2_ws/build/tello_launch/build
creating /home/mimi/Documents/GitHub/P4/ros2_ws/build/tello_launch/build/lib
creating /home/mimi/Documents/GitHub/P4/ros2_ws/build/tello_launch/build/lib/tello_launch
copying tello_launch/__init__.py -> /home/mimi/Documents/GitHub/P4/ros2_ws/build/tello_launch/build/lib/tello_launch
copying tello_launch/tello_launch.py -> /home/mimi/Documents/GitHub/P4/ros2_ws/build/tello_launch/build/lib/tello_launch
running install
running install_lib
creating /home/mimi/Documents/GitHub/P4/ros2_ws/install/tello_launch/lib/python3.10/site-packages/tello_launch
copying /home/mimi/Documents/GitHub/P4/ros2_ws/build/tello_launch/build/lib/tello_launch/__init__.py -> /home/mimi/Documents/GitHub/P4/ros2_ws/install/tello_launch/lib/python3.10/site-packages/tello_launch
copying /home/mimi/Documents/GitHub/P4/ros2_ws/build/tello_launch/build/lib/tello_launch/tello_launch.py -> /home/mimi/Documents/GitHub/P4/ros2_ws/install/tello_launch/lib/python3.10/site-packages/tello_launch
byte-compiling /home/mimi/Documents/GitHub/P4/ros2_ws/install/tello_launch/lib/python3.10/site-packages/tello_launch/__init__.py to __init__.cpython-310.pyc
byte-compiling /home/mimi/Documents/GitHub/P4/ros2_ws/install/tello_launch/lib/python3.10/site-packages/tello_launch/tello_launch.py to tello_launch.cpython-310.pyc
running install_data
creating /home/mimi/Documents/GitHub/P4/ros2_ws/install/tello_launch/share/ament_index
creating /home/mimi/Documents/GitHub/P4/ros2_ws/install/tello_launch/share/ament_index/resource_index
creating /home/mimi/Documents/GitHub/P4/ros2_ws/install/tello_launch/share/ament_index/resource_index/packages
copying resource/tello_launch -> /home/mimi/Documents/GitHub/P4/ros2_ws/install/tello_launch/share/ament_index/resource_index/packages
copying package.xml -> /home/mimi/Documents/GitHub/P4/ros2_ws/install/tello_launch/share/tello_launch
running install_egg_info
Copying ../../build/tello_launch/tello_launch.egg-info to /home/mimi/Documents/GitHub/P4/ros2_ws/install/tello_launch/lib/python3.10/site-packages/tello_launch-0.0.0-py3.10.egg-info
running install_scripts
writing list of installed files to '/home/mimi/Documents/GitHub/P4/ros2_ws/build/tello_launch/install.log'
