[0.906s] Invoking command in '/home/mimi/4_sem_proj_ws/src/connector': PYTHONPATH=/home/mimi/4_sem_proj_ws/build/connector/prefix_override:/home/mimi/4_sem_proj_ws/install/connector/lib/python3.10/site-packages:${PYTHONPATH} /usr/bin/python3 setup.py egg_info --egg-base ../../build/connector build --build-base /home/mimi/4_sem_proj_ws/build/connector/build install --record /home/mimi/4_sem_proj_ws/build/connector/install.log --single-version-externally-managed
[1.089s] running egg_info
[1.089s] writing ../../build/connector/connector.egg-info/PKG-INFO
[1.090s] writing dependency_links to ../../build/connector/connector.egg-info/dependency_links.txt
[1.090s] writing entry points to ../../build/connector/connector.egg-info/entry_points.txt
[1.090s] writing requirements to ../../build/connector/connector.egg-info/requires.txt
[1.090s] writing top-level names to ../../build/connector/connector.egg-info/top_level.txt
[1.091s] reading manifest file '../../build/connector/connector.egg-info/SOURCES.txt'
[1.093s] writing manifest file '../../build/connector/connector.egg-info/SOURCES.txt'
[1.093s] running build
[1.093s] running build_py
[1.094s] copying connector/connector.py -> /home/mimi/4_sem_proj_ws/build/connector/build/lib/connector
[1.094s] running install
[1.095s] running install_lib
[1.096s] copying /home/mimi/4_sem_proj_ws/build/connector/build/lib/connector/connector.py -> /home/mimi/4_sem_proj_ws/install/connector/lib/python3.10/site-packages/connector
[1.096s] byte-compiling /home/mimi/4_sem_proj_ws/install/connector/lib/python3.10/site-packages/connector/connector.py to connector.cpython-310.pyc
[1.099s] running install_data
[1.101s] running install_egg_info
[1.103s] removing '/home/mimi/4_sem_proj_ws/install/connector/lib/python3.10/site-packages/connector-0.0.0-py3.10.egg-info' (and everything under it)
[1.103s] Copying ../../build/connector/connector.egg-info to /home/mimi/4_sem_proj_ws/install/connector/lib/python3.10/site-packages/connector-0.0.0-py3.10.egg-info
[1.103s] running install_scripts
[1.114s] Installing connector script to /home/mimi/4_sem_proj_ws/install/connector/lib/connector
[1.114s] writing list of installed files to '/home/mimi/4_sem_proj_ws/build/connector/install.log'
[1.170s] Invoked command in '/home/mimi/4_sem_proj_ws/src/connector' returned '0': PYTHONPATH=/home/mimi/4_sem_proj_ws/build/connector/prefix_override:/home/mimi/4_sem_proj_ws/install/connector/lib/python3.10/site-packages:${PYTHONPATH} /usr/bin/python3 setup.py egg_info --egg-base ../../build/connector build --build-base /home/mimi/4_sem_proj_ws/build/connector/build install --record /home/mimi/4_sem_proj_ws/build/connector/install.log --single-version-externally-managed
