[0.010s] Invoking command in '/home/mimi/4_sem_proj_ws/build/turtlesim': CMAKE_PREFIX_PATH=/home/mimi/ros2_ws/install/new_controller:/opt/ros/humble /usr/bin/cmake /home/mimi/4_sem_proj_ws/ros_tutorials/turtlesim -DCMAKE_INSTALL_PREFIX=/home/mimi/4_sem_proj_ws/install/turtlesim
[0.144s] -- The C compiler identification is GNU 11.3.0
[0.257s] -- The CXX compiler identification is GNU 11.3.0
[0.265s] -- Detecting C compiler ABI info
[0.322s] -- Detecting C compiler ABI info - done
[0.327s] -- Check for working C compiler: /usr/bin/cc - skipped
[0.328s] -- Detecting C compile features
[0.328s] -- Detecting C compile features - done
[0.331s] -- Detecting CXX compiler ABI info
[0.381s] -- Detecting CXX compiler ABI info - done
[0.386s] -- Check for working CXX compiler: /usr/bin/c++ - skipped
[0.386s] -- Detecting CXX compile features
[0.387s] -- Detecting CXX compile features - done
[0.392s] -- Found ament_cmake: 1.3.3 (/opt/ros/humble/share/ament_cmake/cmake)
[0.519s] -- Found Python3: /usr/bin/python3.10 (found version "3.10.6") found components: Interpreter 
[0.595s] -- Found ament_index_cpp: 1.4.0 (/opt/ros/humble/share/ament_index_cpp/cmake)
[0.597s] -- Found geometry_msgs: 4.2.3 (/opt/ros/humble/share/geometry_msgs/cmake)
[0.632s] -- Found rosidl_generator_c: 3.1.4 (/opt/ros/humble/share/rosidl_generator_c/cmake)
[0.636s] -- Found rosidl_adapter: 3.1.4 (/opt/ros/humble/share/rosidl_adapter/cmake)
[0.645s] -- Found rosidl_generator_cpp: 3.1.4 (/opt/ros/humble/share/rosidl_generator_cpp/cmake)
[0.657s] -- Using all available rosidl_typesupport_c: rosidl_typesupport_fastrtps_c;rosidl_typesupport_introspection_c
[0.673s] -- Using all available rosidl_typesupport_cpp: rosidl_typesupport_fastrtps_cpp;rosidl_typesupport_introspection_cpp
[0.779s] -- Found rclcpp: 16.0.3 (/opt/ros/humble/share/rclcpp/cmake)
[0.829s] -- Found rmw_implementation_cmake: 6.1.1 (/opt/ros/humble/share/rmw_implementation_cmake/cmake)
[0.832s] -- Found rmw_fastrtps_cpp: 6.2.2 (/opt/ros/humble/share/rmw_fastrtps_cpp/cmake)
[0.902s] -- Found OpenSSL: /usr/lib/x86_64-linux-gnu/libcrypto.so (found version "3.0.2")  
[0.921s] -- Found FastRTPS: /opt/ros/humble/include  
[0.953s] -- Using RMW implementation 'rmw_fastrtps_cpp' as default
[0.961s] -- Looking for pthread.h
[1.037s] -- Looking for pthread.h - found
[1.037s] -- Performing Test CMAKE_HAVE_LIBC_PTHREAD
[1.091s] -- Performing Test CMAKE_HAVE_LIBC_PTHREAD - Success
[1.092s] -- Found Threads: TRUE  
[1.186s] -- Found rclcpp_action: 16.0.3 (/opt/ros/humble/share/rclcpp_action/cmake)
[1.256s] -- Found rosidl_default_generators: 1.2.0 (/opt/ros/humble/share/rosidl_default_generators/cmake)
[1.265s] -- Found std_srvs: 4.2.3 (/opt/ros/humble/share/std_srvs/cmake)
[1.483s] -- Found ament_cmake_ros: 0.10.0 (/opt/ros/humble/share/ament_cmake_ros/cmake)
[1.711s] -- Using all available rosidl_typesupport_c: rosidl_typesupport_fastrtps_c;rosidl_typesupport_introspection_c
[1.791s] -- Using all available rosidl_typesupport_cpp: rosidl_typesupport_fastrtps_cpp;rosidl_typesupport_introspection_cpp
[1.806s] -- Found PythonInterp: /usr/bin/python3 (found suitable version "3.10.6", minimum required is "3.6") 
[1.808s] -- Found python_cmake_module: 0.10.0 (/opt/ros/humble/share/python_cmake_module/cmake)
[1.827s] -- Found PythonLibs: /usr/lib/x86_64-linux-gnu/libpython3.10.so (found suitable version "3.10.6", minimum required is "3.5") 
[1.827s] -- Using PYTHON_EXECUTABLE: /usr/bin/python3
[1.827s] -- Using PYTHON_INCLUDE_DIRS: /usr/include/python3.10
[1.828s] -- Using PYTHON_LIBRARIES: /usr/lib/x86_64-linux-gnu/libpython3.10.so
[1.841s] -- Found PythonExtra: .so  
[1.881s] -- Configuring done
[1.919s] -- Generating done
[1.921s] -- Build files have been written to: /home/mimi/4_sem_proj_ws/build/turtlesim
[1.929s] Invoked command in '/home/mimi/4_sem_proj_ws/build/turtlesim' returned '0': CMAKE_PREFIX_PATH=/home/mimi/ros2_ws/install/new_controller:/opt/ros/humble /usr/bin/cmake /home/mimi/4_sem_proj_ws/ros_tutorials/turtlesim -DCMAKE_INSTALL_PREFIX=/home/mimi/4_sem_proj_ws/install/turtlesim
[1.931s] Invoking command in '/home/mimi/4_sem_proj_ws/build/turtlesim': CMAKE_PREFIX_PATH=/home/mimi/ros2_ws/install/new_controller:/opt/ros/humble /usr/bin/cmake --build /home/mimi/4_sem_proj_ws/build/turtlesim -- -j8 -l8
[1.957s] [  1%] [34m[1mGenerating C code for ROS interfaces[0m
[1.963s] [  2%] [34m[1mGenerating C++ code for ROS interfaces[0m
[1.968s] [  2%] Built target ament_cmake_python_copy_turtlesim
[2.150s] running egg_info
[2.151s] creating turtlesim.egg-info
[2.151s] writing turtlesim.egg-info/PKG-INFO
[2.151s] writing dependency_links to turtlesim.egg-info/dependency_links.txt
[2.151s] writing top-level names to turtlesim.egg-info/top_level.txt
[2.151s] writing manifest file 'turtlesim.egg-info/SOURCES.txt'
[2.153s] reading manifest file 'turtlesim.egg-info/SOURCES.txt'
[2.153s] writing manifest file 'turtlesim.egg-info/SOURCES.txt'
[2.171s] [  2%] Built target ament_cmake_python_build_turtlesim_egg
[2.581s] [  2%] Built target turtlesim__cpp
[2.588s] [  5%] [34m[1mGenerating C++ type support for eProsima Fast-RTPS[0m
[2.588s] [  5%] [34m[1mGenerating C++ type support dispatch for ROS interfaces[0m
[2.588s] [  5%] [34m[1mGenerating C++ introspection for ROS interfaces[0m
[2.662s] [  9%] [32mBuilding C object CMakeFiles/turtlesim__rosidl_generator_c.dir/rosidl_generator_c/turtlesim/srv/detail/kill__functions.c.o[0m
[2.662s] [  9%] [32mBuilding C object CMakeFiles/turtlesim__rosidl_generator_c.dir/rosidl_generator_c/turtlesim/msg/detail/color__functions.c.o[0m
[2.662s] [  9%] [32mBuilding C object CMakeFiles/turtlesim__rosidl_generator_c.dir/rosidl_generator_c/turtlesim/action/detail/rotate_absolute__functions.c.o[0m
[2.663s] [  9%] [32mBuilding C object CMakeFiles/turtlesim__rosidl_generator_c.dir/rosidl_generator_c/turtlesim/msg/detail/pose__functions.c.o[0m
[2.663s] [ 10%] [32mBuilding C object CMakeFiles/turtlesim__rosidl_generator_c.dir/rosidl_generator_c/turtlesim/srv/detail/set_pen__functions.c.o[0m
[2.727s] [ 11%] [32mBuilding C object CMakeFiles/turtlesim__rosidl_generator_c.dir/rosidl_generator_c/turtlesim/srv/detail/spawn__functions.c.o[0m
[2.734s] [ 12%] [32mBuilding C object CMakeFiles/turtlesim__rosidl_generator_c.dir/rosidl_generator_c/turtlesim/srv/detail/teleport_absolute__functions.c.o[0m
[2.735s] [ 13%] [32mBuilding C object CMakeFiles/turtlesim__rosidl_generator_c.dir/rosidl_generator_c/turtlesim/srv/detail/teleport_relative__functions.c.o[0m
[2.811s] [ 14%] [32m[1mLinking C shared library libturtlesim__rosidl_generator_c.so[0m
[2.838s] [ 14%] Built target turtlesim__rosidl_generator_c
[2.846s] [ 15%] [34m[1mGenerating C type support for eProsima Fast-RTPS[0m
[2.847s] [ 16%] [34m[1mGenerating C introspection for ROS interfaces[0m
[2.847s] [ 17%] [34m[1mGenerating C type support dispatch for ROS interfaces[0m
[3.149s] [ 20%] [32mBuilding CXX object CMakeFiles/turtlesim__rosidl_typesupport_introspection_cpp.dir/rosidl_typesupport_introspection_cpp/turtlesim/action/detail/rotate_absolute__type_support.cpp.o[0m
[3.149s] [ 20%] [32mBuilding CXX object CMakeFiles/turtlesim__rosidl_typesupport_introspection_cpp.dir/rosidl_typesupport_introspection_cpp/turtlesim/msg/detail/color__type_support.cpp.o[0m
[3.150s] [ 20%] [32mBuilding CXX object CMakeFiles/turtlesim__rosidl_typesupport_introspection_cpp.dir/rosidl_typesupport_introspection_cpp/turtlesim/msg/detail/pose__type_support.cpp.o[0m
[3.274s] [ 21%] [32mBuilding CXX object CMakeFiles/turtlesim__rosidl_typesupport_cpp.dir/rosidl_typesupport_cpp/turtlesim/action/rotate_absolute__type_support.cpp.o[0m
[3.421s] [ 22%] [32mBuilding CXX object CMakeFiles/turtlesim__rosidl_typesupport_fastrtps_cpp.dir/rosidl_typesupport_fastrtps_cpp/turtlesim/action/detail/dds_fastrtps/rotate_absolute__type_support.cpp.o[0m
[3.570s] [ 23%] [32mBuilding CXX object CMakeFiles/turtlesim__rosidl_typesupport_c.dir/rosidl_typesupport_c/turtlesim/action/rotate_absolute__type_support.cpp.o[0m
[3.607s] [ 24%] [32mBuilding CXX object CMakeFiles/turtlesim__rosidl_typesupport_c.dir/rosidl_typesupport_c/turtlesim/msg/color__type_support.cpp.o[0m
[3.618s] [ 25%] [32mBuilding CXX object CMakeFiles/turtlesim__rosidl_typesupport_cpp.dir/rosidl_typesupport_cpp/turtlesim/msg/color__type_support.cpp.o[0m
[3.621s] [ 26%] [32mBuilding CXX object CMakeFiles/turtlesim__rosidl_typesupport_fastrtps_cpp.dir/rosidl_typesupport_fastrtps_cpp/turtlesim/msg/detail/dds_fastrtps/color__type_support.cpp.o[0m
[3.652s] [ 27%] [32mBuilding CXX object CMakeFiles/turtlesim__rosidl_typesupport_c.dir/rosidl_typesupport_c/turtlesim/msg/pose__type_support.cpp.o[0m
[3.683s] [ 28%] [32mBuilding CXX object CMakeFiles/turtlesim__rosidl_typesupport_c.dir/rosidl_typesupport_c/turtlesim/srv/kill__type_support.cpp.o[0m
[3.717s] [ 29%] [32mBuilding CXX object CMakeFiles/turtlesim__rosidl_typesupport_c.dir/rosidl_typesupport_c/turtlesim/srv/set_pen__type_support.cpp.o[0m
[3.749s] [ 30%] [32mBuilding CXX object CMakeFiles/turtlesim__rosidl_typesupport_c.dir/rosidl_typesupport_c/turtlesim/srv/spawn__type_support.cpp.o[0m
[3.779s] [ 31%] [32mBuilding CXX object CMakeFiles/turtlesim__rosidl_typesupport_cpp.dir/rosidl_typesupport_cpp/turtlesim/msg/pose__type_support.cpp.o[0m
[3.782s] [ 32%] [32mBuilding CXX object CMakeFiles/turtlesim__rosidl_typesupport_c.dir/rosidl_typesupport_c/turtlesim/srv/teleport_absolute__type_support.cpp.o[0m
[3.813s] [ 33%] [32mBuilding CXX object CMakeFiles/turtlesim__rosidl_typesupport_c.dir/rosidl_typesupport_c/turtlesim/srv/teleport_relative__type_support.cpp.o[0m
[3.846s] [ 34%] [32m[1mLinking CXX shared library libturtlesim__rosidl_typesupport_c.so[0m
[3.861s] [ 35%] [32mBuilding CXX object CMakeFiles/turtlesim__rosidl_typesupport_introspection_cpp.dir/rosidl_typesupport_introspection_cpp/turtlesim/srv/detail/kill__type_support.cpp.o[0m
[3.892s] [ 35%] Built target turtlesim__rosidl_typesupport_c
[3.902s] [ 36%] [32mBuilding C object CMakeFiles/turtlesim__rosidl_typesupport_introspection_c.dir/rosidl_typesupport_introspection_c/turtlesim/msg/detail/color__type_support.c.o[0m
[3.907s] [ 37%] [32mBuilding C object CMakeFiles/turtlesim__rosidl_typesupport_introspection_c.dir/rosidl_typesupport_introspection_c/turtlesim/action/detail/rotate_absolute__type_support.c.o[0m
[3.929s] [ 38%] [32mBuilding CXX object CMakeFiles/turtlesim__rosidl_typesupport_introspection_cpp.dir/rosidl_typesupport_introspection_cpp/turtlesim/srv/detail/set_pen__type_support.cpp.o[0m
[3.939s] [ 39%] [32mBuilding C object CMakeFiles/turtlesim__rosidl_typesupport_introspection_c.dir/rosidl_typesupport_introspection_c/turtlesim/msg/detail/pose__type_support.c.o[0m
[3.959s] [ 40%] [32mBuilding CXX object CMakeFiles/turtlesim__rosidl_typesupport_introspection_cpp.dir/rosidl_typesupport_introspection_cpp/turtlesim/srv/detail/spawn__type_support.cpp.o[0m
[3.965s] [ 41%] [32mBuilding CXX object CMakeFiles/turtlesim__rosidl_typesupport_fastrtps_c.dir/rosidl_typesupport_fastrtps_c/turtlesim/action/detail/rotate_absolute__type_support_c.cpp.o[0m
[3.977s] [ 42%] [32mBuilding C object CMakeFiles/turtlesim__rosidl_typesupport_introspection_c.dir/rosidl_typesupport_introspection_c/turtlesim/srv/detail/kill__type_support.c.o[0m
[4.016s] [ 43%] [32mBuilding C object CMakeFiles/turtlesim__rosidl_typesupport_introspection_c.dir/rosidl_typesupport_introspection_c/turtlesim/srv/detail/set_pen__type_support.c.o[0m
[4.054s] [ 44%] [32mBuilding C object CMakeFiles/turtlesim__rosidl_typesupport_introspection_c.dir/rosidl_typesupport_introspection_c/turtlesim/srv/detail/spawn__type_support.c.o[0m
[4.068s] [ 45%] [32mBuilding CXX object CMakeFiles/turtlesim__rosidl_typesupport_fastrtps_c.dir/rosidl_typesupport_fastrtps_c/turtlesim/msg/detail/color__type_support_c.cpp.o[0m
[4.072s] [ 46%] [32mBuilding CXX object CMakeFiles/turtlesim__rosidl_typesupport_cpp.dir/rosidl_typesupport_cpp/turtlesim/srv/kill__type_support.cpp.o[0m
[4.083s] [ 47%] [32mBuilding CXX object CMakeFiles/turtlesim__rosidl_typesupport_fastrtps_cpp.dir/rosidl_typesupport_fastrtps_cpp/turtlesim/msg/detail/dds_fastrtps/pose__type_support.cpp.o[0m
[4.091s] [ 48%] [32mBuilding C object CMakeFiles/turtlesim__rosidl_typesupport_introspection_c.dir/rosidl_typesupport_introspection_c/turtlesim/srv/detail/teleport_absolute__type_support.c.o[0m
[4.128s] [ 49%] [32mBuilding C object CMakeFiles/turtlesim__rosidl_typesupport_introspection_c.dir/rosidl_typesupport_introspection_c/turtlesim/srv/detail/teleport_relative__type_support.c.o[0m
[4.166s] [ 50%] [32m[1mLinking C shared library libturtlesim__rosidl_typesupport_introspection_c.so[0m
[4.200s] [ 50%] Built target turtlesim__rosidl_typesupport_introspection_c
[4.209s] [ 51%] [32mBuilding CXX object CMakeFiles/turtlesim__rosidl_typesupport_fastrtps_cpp.dir/rosidl_typesupport_fastrtps_cpp/turtlesim/srv/detail/dds_fastrtps/kill__type_support.cpp.o[0m
[4.290s] [ 52%] [32mBuilding CXX object CMakeFiles/turtlesim__rosidl_typesupport_introspection_cpp.dir/rosidl_typesupport_introspection_cpp/turtlesim/srv/detail/teleport_absolute__type_support.cpp.o[0m
[4.374s] [ 53%] [32mBuilding CXX object CMakeFiles/turtlesim__rosidl_typesupport_cpp.dir/rosidl_typesupport_cpp/turtlesim/srv/set_pen__type_support.cpp.o[0m
[4.374s] [ 54%] [32mBuilding CXX object CMakeFiles/turtlesim__rosidl_typesupport_introspection_cpp.dir/rosidl_typesupport_introspection_cpp/turtlesim/srv/detail/teleport_relative__type_support.cpp.o[0m
[4.403s] [ 56%] [32mBuilding CXX object CMakeFiles/turtlesim__rosidl_typesupport_fastrtps_c.dir/rosidl_typesupport_fastrtps_c/turtlesim/msg/detail/pose__type_support_c.cpp.o[0m
[4.403s] [ 56%] [32mBuilding CXX object CMakeFiles/turtlesim__rosidl_typesupport_cpp.dir/rosidl_typesupport_cpp/turtlesim/srv/spawn__type_support.cpp.o[0m
[4.438s] [ 57%] [32mBuilding CXX object CMakeFiles/turtlesim__rosidl_typesupport_fastrtps_c.dir/rosidl_typesupport_fastrtps_c/turtlesim/srv/detail/kill__type_support_c.cpp.o[0m
[4.529s] [ 58%] [32mBuilding CXX object CMakeFiles/turtlesim__rosidl_typesupport_fastrtps_cpp.dir/rosidl_typesupport_fastrtps_cpp/turtlesim/srv/detail/dds_fastrtps/set_pen__type_support.cpp.o[0m
[4.676s] [ 59%] [32mBuilding CXX object CMakeFiles/turtlesim__rosidl_typesupport_cpp.dir/rosidl_typesupport_cpp/turtlesim/srv/teleport_absolute__type_support.cpp.o[0m
[4.678s] [ 60%] [32mBuilding CXX object CMakeFiles/turtlesim__rosidl_typesupport_fastrtps_cpp.dir/rosidl_typesupport_fastrtps_cpp/turtlesim/srv/detail/dds_fastrtps/spawn__type_support.cpp.o[0m
[4.706s] [ 61%] [32mBuilding CXX object CMakeFiles/turtlesim__rosidl_typesupport_cpp.dir/rosidl_typesupport_cpp/turtlesim/srv/teleport_relative__type_support.cpp.o[0m
[4.723s] [ 62%] [32mBuilding CXX object CMakeFiles/turtlesim__rosidl_typesupport_fastrtps_cpp.dir/rosidl_typesupport_fastrtps_cpp/turtlesim/srv/detail/dds_fastrtps/teleport_absolute__type_support.cpp.o[0m
[4.780s] [ 63%] [32mBuilding CXX object CMakeFiles/turtlesim__rosidl_typesupport_fastrtps_c.dir/rosidl_typesupport_fastrtps_c/turtlesim/srv/detail/set_pen__type_support_c.cpp.o[0m
[4.817s] [ 64%] [32m[1mLinking CXX shared library libturtlesim__rosidl_typesupport_introspection_cpp.so[0m
[4.834s] [ 65%] [32mBuilding CXX object CMakeFiles/turtlesim__rosidl_typesupport_fastrtps_c.dir/rosidl_typesupport_fastrtps_c/turtlesim/srv/detail/spawn__type_support_c.cpp.o[0m
[4.920s] [ 65%] Built target turtlesim__rosidl_typesupport_introspection_cpp
[4.929s] [ 66%] [32mBuilding CXX object CMakeFiles/turtlesim__rosidl_typesupport_fastrtps_c.dir/rosidl_typesupport_fastrtps_c/turtlesim/srv/detail/teleport_absolute__type_support_c.cpp.o[0m
[4.970s] [ 67%] [32mBuilding CXX object CMakeFiles/turtlesim__rosidl_typesupport_fastrtps_c.dir/rosidl_typesupport_fastrtps_c/turtlesim/srv/detail/teleport_relative__type_support_c.cpp.o[0m
[4.999s] [ 68%] [32mBuilding CXX object CMakeFiles/turtlesim__rosidl_typesupport_fastrtps_cpp.dir/rosidl_typesupport_fastrtps_cpp/turtlesim/srv/detail/dds_fastrtps/teleport_relative__type_support.cpp.o[0m
[5.011s] [ 69%] [32m[1mLinking CXX shared library libturtlesim__rosidl_typesupport_cpp.so[0m
[5.056s] [ 69%] Built target turtlesim__rosidl_typesupport_cpp
[5.066s] [ 70%] [34m[1mGenerating include/turtlesim/moc_turtle_frame.cpp[0m
[5.163s] [ 71%] [32mBuilding CXX object CMakeFiles/turtle_teleop_key.dir/tutorials/teleop_turtle_key.cpp.o[0m
[5.169s] [ 72%] [32mBuilding CXX object CMakeFiles/turtlesim_node.dir/src/turtlesim.cpp.o[0m
[5.190s] [ 73%] [32mBuilding CXX object CMakeFiles/turtlesim_node.dir/src/turtle.cpp.o[0m
[5.198s] [ 74%] [32mBuilding CXX object CMakeFiles/draw_square.dir/tutorials/draw_square.cpp.o[0m
[5.247s] [ 75%] [32mBuilding CXX object CMakeFiles/mimic.dir/tutorials/mimic.cpp.o[0m
[5.321s] [ 76%] [32mBuilding CXX object CMakeFiles/turtlesim_node.dir/src/turtle_frame.cpp.o[0m
[5.357s] [ 77%] [32m[1mLinking CXX shared library libturtlesim__rosidl_typesupport_fastrtps_c.so[0m
[5.438s] [ 78%] [32m[1mLinking CXX shared library libturtlesim__rosidl_typesupport_fastrtps_cpp.so[0m
[5.444s] [ 78%] Built target turtlesim__rosidl_typesupport_fastrtps_c
[5.452s] [ 79%] [32mBuilding CXX object CMakeFiles/turtlesim_node.dir/include/turtlesim/moc_turtle_frame.cpp.o[0m
[5.511s] [ 79%] Built target turtlesim__rosidl_typesupport_fastrtps_cpp
[5.544s] [ 79%] Built target turtlesim
[5.563s] [ 80%] [34m[1mGenerating Python code for ROS interfaces[0m
[8.110s] [ 80%] Built target turtlesim__py
[8.131s] [ 81%] [32mBuilding C object CMakeFiles/turtlesim__rosidl_generator_py.dir/rosidl_generator_py/turtlesim/action/_rotate_absolute_s.c.o[0m
[8.328s] [ 82%] [32mBuilding C object CMakeFiles/turtlesim__rosidl_generator_py.dir/rosidl_generator_py/turtlesim/msg/_color_s.c.o[0m
[8.450s] [ 83%] [32mBuilding C object CMakeFiles/turtlesim__rosidl_generator_py.dir/rosidl_generator_py/turtlesim/msg/_pose_s.c.o[0m
[8.575s] [ 84%] [32mBuilding C object CMakeFiles/turtlesim__rosidl_generator_py.dir/rosidl_generator_py/turtlesim/srv/_kill_s.c.o[0m
[8.703s] [ 85%] [32mBuilding C object CMakeFiles/turtlesim__rosidl_generator_py.dir/rosidl_generator_py/turtlesim/srv/_set_pen_s.c.o[0m
[8.830s] [ 86%] [32mBuilding C object CMakeFiles/turtlesim__rosidl_generator_py.dir/rosidl_generator_py/turtlesim/srv/_spawn_s.c.o[0m
[8.960s] [ 87%] [32mBuilding C object CMakeFiles/turtlesim__rosidl_generator_py.dir/rosidl_generator_py/turtlesim/srv/_teleport_absolute_s.c.o[0m
[9.090s] [ 88%] [32mBuilding C object CMakeFiles/turtlesim__rosidl_generator_py.dir/rosidl_generator_py/turtlesim/srv/_teleport_relative_s.c.o[0m
[9.219s] [ 89%] [32m[1mLinking C shared library rosidl_generator_py/turtlesim/libturtlesim__rosidl_generator_py.so[0m
[9.282s] [ 89%] Built target turtlesim__rosidl_generator_py
[9.302s] [ 90%] [32mBuilding C object CMakeFiles/turtlesim__rosidl_typesupport_fastrtps_c__pyext.dir/rosidl_generator_py/turtlesim/_turtlesim_s.ep.rosidl_typesupport_fastrtps_c.c.o[0m
[9.481s] [ 91%] [32m[1mLinking C shared library rosidl_generator_py/turtlesim/turtlesim_s__rosidl_typesupport_fastrtps_c.cpython-310-x86_64-linux-gnu.so[0m
[9.523s] [ 91%] Built target turtlesim__rosidl_typesupport_fastrtps_c__pyext
[9.543s] [ 92%] [32mBuilding C object CMakeFiles/turtlesim__rosidl_typesupport_introspection_c__pyext.dir/rosidl_generator_py/turtlesim/_turtlesim_s.ep.rosidl_typesupport_introspection_c.c.o[0m
[9.738s] [ 93%] [32m[1mLinking C shared library rosidl_generator_py/turtlesim/turtlesim_s__rosidl_typesupport_introspection_c.cpython-310-x86_64-linux-gnu.so[0m
[9.781s] [ 93%] Built target turtlesim__rosidl_typesupport_introspection_c__pyext
[9.802s] [ 94%] [32mBuilding C object CMakeFiles/turtlesim__rosidl_typesupport_c__pyext.dir/rosidl_generator_py/turtlesim/_turtlesim_s.ep.rosidl_typesupport_c.c.o[0m
[10.000s] [ 95%] [32m[1mLinking C shared library rosidl_generator_py/turtlesim/turtlesim_s__rosidl_typesupport_c.cpython-310-x86_64-linux-gnu.so[0m
[10.043s] [ 95%] Built target turtlesim__rosidl_typesupport_c__pyext
[11.843s] [ 96%] [32m[1mLinking CXX executable turtle_teleop_key[0m
[12.076s] [ 96%] Built target turtle_teleop_key
[14.392s] [ 97%] [32m[1mLinking CXX executable mimic[0m
[14.406s] [ 98%] [32m[1mLinking CXX executable draw_square[0m
[14.806s] [ 98%] Built target mimic
[14.858s] [ 98%] Built target draw_square
[17.151s] [100%] [32m[1mLinking CXX executable turtlesim_node[0m
[18.837s] [100%] Built target turtlesim_node
[18.845s] Invoked command in '/home/mimi/4_sem_proj_ws/build/turtlesim' returned '0': CMAKE_PREFIX_PATH=/home/mimi/ros2_ws/install/new_controller:/opt/ros/humble /usr/bin/cmake --build /home/mimi/4_sem_proj_ws/build/turtlesim -- -j8 -l8
[19.064s] Invoking command in '/home/mimi/4_sem_proj_ws/build/turtlesim': CMAKE_PREFIX_PATH=/home/mimi/ros2_ws/install/new_controller:/opt/ros/humble /usr/bin/cmake --install /home/mimi/4_sem_proj_ws/build/turtlesim
[19.070s] -- Install configuration: ""
[19.070s] -- Installing: /home/mimi/4_sem_proj_ws/install/turtlesim/share/ament_index/resource_index/rosidl_interfaces/turtlesim
[19.071s] -- Installing: /home/mimi/4_sem_proj_ws/install/turtlesim/include/turtlesim/turtlesim
[19.071s] -- Installing: /home/mimi/4_sem_proj_ws/install/turtlesim/include/turtlesim/turtlesim/msg
[19.071s] -- Installing: /home/mimi/4_sem_proj_ws/install/turtlesim/include/turtlesim/turtlesim/msg/color.h
[19.071s] -- Installing: /home/mimi/4_sem_proj_ws/install/turtlesim/include/turtlesim/turtlesim/msg/detail
[19.071s] -- Installing: /home/mimi/4_sem_proj_ws/install/turtlesim/include/turtlesim/turtlesim/msg/detail/pose__functions.h
[19.071s] -- Installing: /home/mimi/4_sem_proj_ws/install/turtlesim/include/turtlesim/turtlesim/msg/detail/color__struct.h
[19.071s] -- Installing: /home/mimi/4_sem_proj_ws/install/turtlesim/include/turtlesim/turtlesim/msg/detail/pose__struct.h
[19.071s] -- Installing: /home/mimi/4_sem_proj_ws/install/turtlesim/include/turtlesim/turtlesim/msg/detail/pose__functions.c
[19.072s] -- Installing: /home/mimi/4_sem_proj_ws/install/turtlesim/include/turtlesim/turtlesim/msg/detail/color__functions.c
[19.072s] -- Installing: /home/mimi/4_sem_proj_ws/install/turtlesim/include/turtlesim/turtlesim/msg/detail/color__functions.h
[19.072s] -- Installing: /home/mimi/4_sem_proj_ws/install/turtlesim/include/turtlesim/turtlesim/msg/detail/color__type_support.h
[19.072s] -- Installing: /home/mimi/4_sem_proj_ws/install/turtlesim/include/turtlesim/turtlesim/msg/detail/pose__type_support.h
[19.072s] -- Installing: /home/mimi/4_sem_proj_ws/install/turtlesim/include/turtlesim/turtlesim/msg/pose.h
[19.072s] -- Installing: /home/mimi/4_sem_proj_ws/install/turtlesim/include/turtlesim/turtlesim/msg/rosidl_generator_c__visibility_control.h
[19.072s] -- Installing: /home/mimi/4_sem_proj_ws/install/turtlesim/include/turtlesim/turtlesim/action
[19.072s] -- Installing: /home/mimi/4_sem_proj_ws/install/turtlesim/include/turtlesim/turtlesim/action/rotate_absolute.h
[19.072s] -- Installing: /home/mimi/4_sem_proj_ws/install/turtlesim/include/turtlesim/turtlesim/action/detail
[19.073s] -- Installing: /home/mimi/4_sem_proj_ws/install/turtlesim/include/turtlesim/turtlesim/action/detail/rotate_absolute__type_support.h
[19.073s] -- Installing: /home/mimi/4_sem_proj_ws/install/turtlesim/include/turtlesim/turtlesim/action/detail/rotate_absolute__functions.h
[19.073s] -- Installing: /home/mimi/4_sem_proj_ws/install/turtlesim/include/turtlesim/turtlesim/action/detail/rotate_absolute__functions.c
[19.073s] -- Installing: /home/mimi/4_sem_proj_ws/install/turtlesim/include/turtlesim/turtlesim/action/detail/rotate_absolute__struct.h
[19.073s] -- Installing: /home/mimi/4_sem_proj_ws/install/turtlesim/include/turtlesim/turtlesim/srv
[19.073s] -- Installing: /home/mimi/4_sem_proj_ws/install/turtlesim/include/turtlesim/turtlesim/srv/teleport_relative.h
[19.073s] -- Installing: /home/mimi/4_sem_proj_ws/install/turtlesim/include/turtlesim/turtlesim/srv/set_pen.h
[19.073s] -- Installing: /home/mimi/4_sem_proj_ws/install/turtlesim/include/turtlesim/turtlesim/srv/kill.h
[19.074s] -- Installing: /home/mimi/4_sem_proj_ws/install/turtlesim/include/turtlesim/turtlesim/srv/spawn.h
[19.074s] -- Installing: /home/mimi/4_sem_proj_ws/install/turtlesim/include/turtlesim/turtlesim/srv/detail
[19.074s] -- Installing: /home/mimi/4_sem_proj_ws/install/turtlesim/include/turtlesim/turtlesim/srv/detail/teleport_relative__type_support.h
[19.074s] -- Installing: /home/mimi/4_sem_proj_ws/install/turtlesim/include/turtlesim/turtlesim/srv/detail/kill__functions.h
[19.074s] -- Installing: /home/mimi/4_sem_proj_ws/install/turtlesim/include/turtlesim/turtlesim/srv/detail/teleport_absolute__type_support.h
[19.074s] -- Installing: /home/mimi/4_sem_proj_ws/install/turtlesim/include/turtlesim/turtlesim/srv/detail/kill__type_support.h
[19.074s] -- Installing: /home/mimi/4_sem_proj_ws/install/turtlesim/include/turtlesim/turtlesim/srv/detail/kill__functions.c
[19.074s] -- Installing: /home/mimi/4_sem_proj_ws/install/turtlesim/include/turtlesim/turtlesim/srv/detail/teleport_absolute__struct.h
[19.074s] -- Installing: /home/mimi/4_sem_proj_ws/install/turtlesim/include/turtlesim/turtlesim/srv/detail/spawn__functions.h
[19.074s] -- Installing: /home/mimi/4_sem_proj_ws/install/turtlesim/include/turtlesim/turtlesim/srv/detail/spawn__functions.c
[19.075s] -- Installing: /home/mimi/4_sem_proj_ws/install/turtlesim/include/turtlesim/turtlesim/srv/detail/set_pen__struct.h
[19.075s] -- Installing: /home/mimi/4_sem_proj_ws/install/turtlesim/include/turtlesim/turtlesim/srv/detail/kill__struct.h
[19.075s] -- Installing: /home/mimi/4_sem_proj_ws/install/turtlesim/include/turtlesim/turtlesim/srv/detail/teleport_relative__struct.h
[19.075s] -- Installing: /home/mimi/4_sem_proj_ws/install/turtlesim/include/turtlesim/turtlesim/srv/detail/set_pen__type_support.h
[19.075s] -- Installing: /home/mimi/4_sem_proj_ws/install/turtlesim/include/turtlesim/turtlesim/srv/detail/spawn__struct.h
[19.075s] -- Installing: /home/mimi/4_sem_proj_ws/install/turtlesim/include/turtlesim/turtlesim/srv/detail/teleport_absolute__functions.c
[19.075s] -- Installing: /home/mimi/4_sem_proj_ws/install/turtlesim/include/turtlesim/turtlesim/srv/detail/set_pen__functions.h
[19.075s] -- Installing: /home/mimi/4_sem_proj_ws/install/turtlesim/include/turtlesim/turtlesim/srv/detail/teleport_relative__functions.c
[19.075s] -- Installing: /home/mimi/4_sem_proj_ws/install/turtlesim/include/turtlesim/turtlesim/srv/detail/spawn__type_support.h
[19.075s] -- Installing: /home/mimi/4_sem_proj_ws/install/turtlesim/include/turtlesim/turtlesim/srv/detail/teleport_absolute__functions.h
[19.075s] -- Installing: /home/mimi/4_sem_proj_ws/install/turtlesim/include/turtlesim/turtlesim/srv/detail/teleport_relative__functions.h
[19.076s] -- Installing: /home/mimi/4_sem_proj_ws/install/turtlesim/include/turtlesim/turtlesim/srv/detail/set_pen__functions.c
[19.076s] -- Installing: /home/mimi/4_sem_proj_ws/install/turtlesim/include/turtlesim/turtlesim/srv/teleport_absolute.h
[19.076s] -- Installing: /home/mimi/4_sem_proj_ws/install/turtlesim/share/turtlesim/environment/library_path.sh
[19.076s] -- Installing: /home/mimi/4_sem_proj_ws/install/turtlesim/share/turtlesim/environment/library_path.dsv
[19.076s] -- Installing: /home/mimi/4_sem_proj_ws/install/turtlesim/lib/libturtlesim__rosidl_generator_c.so
[19.076s] -- Set runtime path of "/home/mimi/4_sem_proj_ws/install/turtlesim/lib/libturtlesim__rosidl_generator_c.so" to ""
[19.076s] -- Up-to-date: /home/mimi/4_sem_proj_ws/install/turtlesim/include/turtlesim/turtlesim
[19.076s] -- Up-to-date: /home/mimi/4_sem_proj_ws/install/turtlesim/include/turtlesim/turtlesim/msg
[19.076s] -- Up-to-date: /home/mimi/4_sem_proj_ws/install/turtlesim/include/turtlesim/turtlesim/msg/detail
[19.077s] -- Installing: /home/mimi/4_sem_proj_ws/install/turtlesim/include/turtlesim/turtlesim/msg/detail/pose__rosidl_typesupport_fastrtps_c.h
[19.077s] -- Installing: /home/mimi/4_sem_proj_ws/install/turtlesim/include/turtlesim/turtlesim/msg/detail/color__rosidl_typesupport_fastrtps_c.h
[19.077s] -- Installing: /home/mimi/4_sem_proj_ws/install/turtlesim/include/turtlesim/turtlesim/msg/rosidl_typesupport_fastrtps_c__visibility_control.h
[19.077s] -- Up-to-date: /home/mimi/4_sem_proj_ws/install/turtlesim/include/turtlesim/turtlesim/action
[19.077s] -- Up-to-date: /home/mimi/4_sem_proj_ws/install/turtlesim/include/turtlesim/turtlesim/action/detail
[19.077s] -- Installing: /home/mimi/4_sem_proj_ws/install/turtlesim/include/turtlesim/turtlesim/action/detail/rotate_absolute__rosidl_typesupport_fastrtps_c.h
[19.077s] -- Up-to-date: /home/mimi/4_sem_proj_ws/install/turtlesim/include/turtlesim/turtlesim/srv
[19.077s] -- Up-to-date: /home/mimi/4_sem_proj_ws/install/turtlesim/include/turtlesim/turtlesim/srv/detail
[19.077s] -- Installing: /home/mimi/4_sem_proj_ws/install/turtlesim/include/turtlesim/turtlesim/srv/detail/teleport_relative__rosidl_typesupport_fastrtps_c.h
[19.077s] -- Installing: /home/mimi/4_sem_proj_ws/install/turtlesim/include/turtlesim/turtlesim/srv/detail/kill__rosidl_typesupport_fastrtps_c.h
[19.077s] -- Installing: /home/mimi/4_sem_proj_ws/install/turtlesim/include/turtlesim/turtlesim/srv/detail/teleport_absolute__rosidl_typesupport_fastrtps_c.h
[19.077s] -- Installing: /home/mimi/4_sem_proj_ws/install/turtlesim/include/turtlesim/turtlesim/srv/detail/spawn__rosidl_typesupport_fastrtps_c.h
[19.077s] -- Installing: /home/mimi/4_sem_proj_ws/install/turtlesim/include/turtlesim/turtlesim/srv/detail/set_pen__rosidl_typesupport_fastrtps_c.h
[19.077s] -- Installing: /home/mimi/4_sem_proj_ws/install/turtlesim/lib/libturtlesim__rosidl_typesupport_fastrtps_c.so
[19.077s] -- Set runtime path of "/home/mimi/4_sem_proj_ws/install/turtlesim/lib/libturtlesim__rosidl_typesupport_fastrtps_c.so" to ""
[19.077s] -- Up-to-date: /home/mimi/4_sem_proj_ws/install/turtlesim/include/turtlesim/turtlesim
[19.077s] -- Up-to-date: /home/mimi/4_sem_proj_ws/install/turtlesim/include/turtlesim/turtlesim/msg
[19.078s] -- Installing: /home/mimi/4_sem_proj_ws/install/turtlesim/include/turtlesim/turtlesim/msg/pose.hpp
[19.078s] -- Installing: /home/mimi/4_sem_proj_ws/install/turtlesim/include/turtlesim/turtlesim/msg/color.hpp
[19.078s] -- Up-to-date: /home/mimi/4_sem_proj_ws/install/turtlesim/include/turtlesim/turtlesim/msg/detail
[19.078s] -- Installing: /home/mimi/4_sem_proj_ws/install/turtlesim/include/turtlesim/turtlesim/msg/detail/pose__builder.hpp
[19.078s] -- Installing: /home/mimi/4_sem_proj_ws/install/turtlesim/include/turtlesim/turtlesim/msg/detail/color__builder.hpp
[19.078s] -- Installing: /home/mimi/4_sem_proj_ws/install/turtlesim/include/turtlesim/turtlesim/msg/detail/pose__traits.hpp
[19.078s] -- Installing: /home/mimi/4_sem_proj_ws/install/turtlesim/include/turtlesim/turtlesim/msg/detail/color__traits.hpp
[19.078s] -- Installing: /home/mimi/4_sem_proj_ws/install/turtlesim/include/turtlesim/turtlesim/msg/detail/pose__struct.hpp
[19.078s] -- Installing: /home/mimi/4_sem_proj_ws/install/turtlesim/include/turtlesim/turtlesim/msg/detail/color__struct.hpp
[19.078s] -- Up-to-date: /home/mimi/4_sem_proj_ws/install/turtlesim/include/turtlesim/turtlesim/action
[19.078s] -- Installing: /home/mimi/4_sem_proj_ws/install/turtlesim/include/turtlesim/turtlesim/action/rotate_absolute.hpp
[19.078s] -- Up-to-date: /home/mimi/4_sem_proj_ws/install/turtlesim/include/turtlesim/turtlesim/action/detail
[19.078s] -- Installing: /home/mimi/4_sem_proj_ws/install/turtlesim/include/turtlesim/turtlesim/action/detail/rotate_absolute__traits.hpp
[19.078s] -- Installing: /home/mimi/4_sem_proj_ws/install/turtlesim/include/turtlesim/turtlesim/action/detail/rotate_absolute__builder.hpp
[19.078s] -- Installing: /home/mimi/4_sem_proj_ws/install/turtlesim/include/turtlesim/turtlesim/action/detail/rotate_absolute__struct.hpp
[19.078s] -- Up-to-date: /home/mimi/4_sem_proj_ws/install/turtlesim/include/turtlesim/turtlesim/srv
[19.079s] -- Installing: /home/mimi/4_sem_proj_ws/install/turtlesim/include/turtlesim/turtlesim/srv/spawn.hpp
[19.079s] -- Installing: /home/mimi/4_sem_proj_ws/install/turtlesim/include/turtlesim/turtlesim/srv/kill.hpp
[19.079s] -- Installing: /home/mimi/4_sem_proj_ws/install/turtlesim/include/turtlesim/turtlesim/srv/set_pen.hpp
[19.079s] -- Installing: /home/mimi/4_sem_proj_ws/install/turtlesim/include/turtlesim/turtlesim/srv/teleport_relative.hpp
[19.079s] -- Up-to-date: /home/mimi/4_sem_proj_ws/install/turtlesim/include/turtlesim/turtlesim/srv/detail
[19.079s] -- Installing: /home/mimi/4_sem_proj_ws/install/turtlesim/include/turtlesim/turtlesim/srv/detail/spawn__struct.hpp
[19.079s] -- Installing: /home/mimi/4_sem_proj_ws/install/turtlesim/include/turtlesim/turtlesim/srv/detail/spawn__traits.hpp
[19.079s] -- Installing: /home/mimi/4_sem_proj_ws/install/turtlesim/include/turtlesim/turtlesim/srv/detail/teleport_relative__struct.hpp
[19.079s] -- Installing: /home/mimi/4_sem_proj_ws/install/turtlesim/include/turtlesim/turtlesim/srv/detail/teleport_absolute__traits.hpp
[19.079s] -- Installing: /home/mimi/4_sem_proj_ws/install/turtlesim/include/turtlesim/turtlesim/srv/detail/teleport_relative__traits.hpp
[19.079s] -- Installing: /home/mimi/4_sem_proj_ws/install/turtlesim/include/turtlesim/turtlesim/srv/detail/set_pen__traits.hpp
[19.079s] -- Installing: /home/mimi/4_sem_proj_ws/install/turtlesim/include/turtlesim/turtlesim/srv/detail/set_pen__builder.hpp
[19.079s] -- Installing: /home/mimi/4_sem_proj_ws/install/turtlesim/include/turtlesim/turtlesim/srv/detail/spawn__builder.hpp
[19.079s] -- Installing: /home/mimi/4_sem_proj_ws/install/turtlesim/include/turtlesim/turtlesim/srv/detail/teleport_absolute__builder.hpp
[19.079s] -- Installing: /home/mimi/4_sem_proj_ws/install/turtlesim/include/turtlesim/turtlesim/srv/detail/teleport_absolute__struct.hpp
[19.079s] -- Installing: /home/mimi/4_sem_proj_ws/install/turtlesim/include/turtlesim/turtlesim/srv/detail/teleport_relative__builder.hpp
[19.080s] -- Installing: /home/mimi/4_sem_proj_ws/install/turtlesim/include/turtlesim/turtlesim/srv/detail/kill__struct.hpp
[19.080s] -- Installing: /home/mimi/4_sem_proj_ws/install/turtlesim/include/turtlesim/turtlesim/srv/detail/kill__builder.hpp
[19.080s] -- Installing: /home/mimi/4_sem_proj_ws/install/turtlesim/include/turtlesim/turtlesim/srv/detail/kill__traits.hpp
[19.080s] -- Installing: /home/mimi/4_sem_proj_ws/install/turtlesim/include/turtlesim/turtlesim/srv/detail/set_pen__struct.hpp
[19.080s] -- Installing: /home/mimi/4_sem_proj_ws/install/turtlesim/include/turtlesim/turtlesim/srv/teleport_absolute.hpp
[19.080s] -- Up-to-date: /home/mimi/4_sem_proj_ws/install/turtlesim/include/turtlesim/turtlesim
[19.080s] -- Up-to-date: /home/mimi/4_sem_proj_ws/install/turtlesim/include/turtlesim/turtlesim/msg
[19.080s] -- Installing: /home/mimi/4_sem_proj_ws/install/turtlesim/include/turtlesim/turtlesim/msg/rosidl_typesupport_fastrtps_cpp__visibility_control.h
[19.080s] -- Up-to-date: /home/mimi/4_sem_proj_ws/install/turtlesim/include/turtlesim/turtlesim/msg/detail
[19.080s] -- Installing: /home/mimi/4_sem_proj_ws/install/turtlesim/include/turtlesim/turtlesim/msg/detail/color__rosidl_typesupport_fastrtps_cpp.hpp
[19.080s] -- Installing: /home/mimi/4_sem_proj_ws/install/turtlesim/include/turtlesim/turtlesim/msg/detail/dds_fastrtps
[19.080s] -- Installing: /home/mimi/4_sem_proj_ws/install/turtlesim/include/turtlesim/turtlesim/msg/detail/pose__rosidl_typesupport_fastrtps_cpp.hpp
[19.080s] -- Up-to-date: /home/mimi/4_sem_proj_ws/install/turtlesim/include/turtlesim/turtlesim/action
[19.080s] -- Up-to-date: /home/mimi/4_sem_proj_ws/install/turtlesim/include/turtlesim/turtlesim/action/detail
[19.080s] -- Installing: /home/mimi/4_sem_proj_ws/install/turtlesim/include/turtlesim/turtlesim/action/detail/rotate_absolute__rosidl_typesupport_fastrtps_cpp.hpp
[19.080s] -- Installing: /home/mimi/4_sem_proj_ws/install/turtlesim/include/turtlesim/turtlesim/action/detail/dds_fastrtps
[19.080s] -- Up-to-date: /home/mimi/4_sem_proj_ws/install/turtlesim/include/turtlesim/turtlesim/srv
[19.080s] -- Up-to-date: /home/mimi/4_sem_proj_ws/install/turtlesim/include/turtlesim/turtlesim/srv/detail
[19.080s] -- Installing: /home/mimi/4_sem_proj_ws/install/turtlesim/include/turtlesim/turtlesim/srv/detail/set_pen__rosidl_typesupport_fastrtps_cpp.hpp
[19.081s] -- Installing: /home/mimi/4_sem_proj_ws/install/turtlesim/include/turtlesim/turtlesim/srv/detail/kill__rosidl_typesupport_fastrtps_cpp.hpp
[19.081s] -- Installing: /home/mimi/4_sem_proj_ws/install/turtlesim/include/turtlesim/turtlesim/srv/detail/spawn__rosidl_typesupport_fastrtps_cpp.hpp
[19.081s] -- Installing: /home/mimi/4_sem_proj_ws/install/turtlesim/include/turtlesim/turtlesim/srv/detail/dds_fastrtps
[19.081s] -- Installing: /home/mimi/4_sem_proj_ws/install/turtlesim/include/turtlesim/turtlesim/srv/detail/teleport_relative__rosidl_typesupport_fastrtps_cpp.hpp
[19.081s] -- Installing: /home/mimi/4_sem_proj_ws/install/turtlesim/include/turtlesim/turtlesim/srv/detail/teleport_absolute__rosidl_typesupport_fastrtps_cpp.hpp
[19.081s] -- Installing: /home/mimi/4_sem_proj_ws/install/turtlesim/lib/libturtlesim__rosidl_typesupport_fastrtps_cpp.so
[19.081s] -- Set runtime path of "/home/mimi/4_sem_proj_ws/install/turtlesim/lib/libturtlesim__rosidl_typesupport_fastrtps_cpp.so" to ""
[19.081s] -- Up-to-date: /home/mimi/4_sem_proj_ws/install/turtlesim/include/turtlesim/turtlesim
[19.081s] -- Up-to-date: /home/mimi/4_sem_proj_ws/install/turtlesim/include/turtlesim/turtlesim/msg
[19.081s] -- Installing: /home/mimi/4_sem_proj_ws/install/turtlesim/include/turtlesim/turtlesim/msg/rosidl_typesupport_introspection_c__visibility_control.h
[19.081s] -- Up-to-date: /home/mimi/4_sem_proj_ws/install/turtlesim/include/turtlesim/turtlesim/msg/detail
[19.081s] -- Installing: /home/mimi/4_sem_proj_ws/install/turtlesim/include/turtlesim/turtlesim/msg/detail/color__type_support.c
[19.081s] -- Installing: /home/mimi/4_sem_proj_ws/install/turtlesim/include/turtlesim/turtlesim/msg/detail/pose__type_support.c
[19.081s] -- Installing: /home/mimi/4_sem_proj_ws/install/turtlesim/include/turtlesim/turtlesim/msg/detail/pose__rosidl_typesupport_introspection_c.h
[19.081s] -- Installing: /home/mimi/4_sem_proj_ws/install/turtlesim/include/turtlesim/turtlesim/msg/detail/color__rosidl_typesupport_introspection_c.h
[19.081s] -- Up-to-date: /home/mimi/4_sem_proj_ws/install/turtlesim/include/turtlesim/turtlesim/action
[19.081s] -- Up-to-date: /home/mimi/4_sem_proj_ws/install/turtlesim/include/turtlesim/turtlesim/action/detail
[19.081s] -- Installing: /home/mimi/4_sem_proj_ws/install/turtlesim/include/turtlesim/turtlesim/action/detail/rotate_absolute__rosidl_typesupport_introspection_c.h
[19.081s] -- Installing: /home/mimi/4_sem_proj_ws/install/turtlesim/include/turtlesim/turtlesim/action/detail/rotate_absolute__type_support.c
[19.081s] -- Up-to-date: /home/mimi/4_sem_proj_ws/install/turtlesim/include/turtlesim/turtlesim/srv
[19.081s] -- Up-to-date: /home/mimi/4_sem_proj_ws/install/turtlesim/include/turtlesim/turtlesim/srv/detail
[19.081s] -- Installing: /home/mimi/4_sem_proj_ws/install/turtlesim/include/turtlesim/turtlesim/srv/detail/teleport_absolute__rosidl_typesupport_introspection_c.h
[19.081s] -- Installing: /home/mimi/4_sem_proj_ws/install/turtlesim/include/turtlesim/turtlesim/srv/detail/spawn__rosidl_typesupport_introspection_c.h
[19.082s] -- Installing: /home/mimi/4_sem_proj_ws/install/turtlesim/include/turtlesim/turtlesim/srv/detail/spawn__type_support.c
[19.082s] -- Installing: /home/mimi/4_sem_proj_ws/install/turtlesim/include/turtlesim/turtlesim/srv/detail/set_pen__rosidl_typesupport_introspection_c.h
[19.082s] -- Installing: /home/mimi/4_sem_proj_ws/install/turtlesim/include/turtlesim/turtlesim/srv/detail/teleport_relative__type_support.c
[19.082s] -- Installing: /home/mimi/4_sem_proj_ws/install/turtlesim/include/turtlesim/turtlesim/srv/detail/teleport_absolute__type_support.c
[19.082s] -- Installing: /home/mimi/4_sem_proj_ws/install/turtlesim/include/turtlesim/turtlesim/srv/detail/set_pen__type_support.c
[19.082s] -- Installing: /home/mimi/4_sem_proj_ws/install/turtlesim/include/turtlesim/turtlesim/srv/detail/teleport_relative__rosidl_typesupport_introspection_c.h
[19.082s] -- Installing: /home/mimi/4_sem_proj_ws/install/turtlesim/include/turtlesim/turtlesim/srv/detail/kill__rosidl_typesupport_introspection_c.h
[19.082s] -- Installing: /home/mimi/4_sem_proj_ws/install/turtlesim/include/turtlesim/turtlesim/srv/detail/kill__type_support.c
[19.082s] -- Installing: /home/mimi/4_sem_proj_ws/install/turtlesim/lib/libturtlesim__rosidl_typesupport_introspection_c.so
[19.082s] -- Set runtime path of "/home/mimi/4_sem_proj_ws/install/turtlesim/lib/libturtlesim__rosidl_typesupport_introspection_c.so" to ""
[19.082s] -- Installing: /home/mimi/4_sem_proj_ws/install/turtlesim/lib/libturtlesim__rosidl_typesupport_c.so
[19.082s] -- Set runtime path of "/home/mimi/4_sem_proj_ws/install/turtlesim/lib/libturtlesim__rosidl_typesupport_c.so" to ""
[19.082s] -- Up-to-date: /home/mimi/4_sem_proj_ws/install/turtlesim/include/turtlesim/turtlesim
[19.082s] -- Up-to-date: /home/mimi/4_sem_proj_ws/install/turtlesim/include/turtlesim/turtlesim/msg
[19.082s] -- Up-to-date: /home/mimi/4_sem_proj_ws/install/turtlesim/include/turtlesim/turtlesim/msg/detail
[19.082s] -- Installing: /home/mimi/4_sem_proj_ws/install/turtlesim/include/turtlesim/turtlesim/msg/detail/color__rosidl_typesupport_introspection_cpp.hpp
[19.083s] -- Installing: /home/mimi/4_sem_proj_ws/install/turtlesim/include/turtlesim/turtlesim/msg/detail/pose__type_support.cpp
[19.083s] -- Installing: /home/mimi/4_sem_proj_ws/install/turtlesim/include/turtlesim/turtlesim/msg/detail/pose__rosidl_typesupport_introspection_cpp.hpp
[19.083s] -- Installing: /home/mimi/4_sem_proj_ws/install/turtlesim/include/turtlesim/turtlesim/msg/detail/color__type_support.cpp
[19.083s] -- Up-to-date: /home/mimi/4_sem_proj_ws/install/turtlesim/include/turtlesim/turtlesim/action
[19.083s] -- Up-to-date: /home/mimi/4_sem_proj_ws/install/turtlesim/include/turtlesim/turtlesim/action/detail
[19.083s] -- Installing: /home/mimi/4_sem_proj_ws/install/turtlesim/include/turtlesim/turtlesim/action/detail/rotate_absolute__type_support.cpp
[19.083s] -- Installing: /home/mimi/4_sem_proj_ws/install/turtlesim/include/turtlesim/turtlesim/action/detail/rotate_absolute__rosidl_typesupport_introspection_cpp.hpp
[19.083s] -- Up-to-date: /home/mimi/4_sem_proj_ws/install/turtlesim/include/turtlesim/turtlesim/srv
[19.083s] -- Up-to-date: /home/mimi/4_sem_proj_ws/install/turtlesim/include/turtlesim/turtlesim/srv/detail
[19.083s] -- Installing: /home/mimi/4_sem_proj_ws/install/turtlesim/include/turtlesim/turtlesim/srv/detail/teleport_absolute__type_support.cpp
[19.083s] -- Installing: /home/mimi/4_sem_proj_ws/install/turtlesim/include/turtlesim/turtlesim/srv/detail/kill__rosidl_typesupport_introspection_cpp.hpp
[19.083s] -- Installing: /home/mimi/4_sem_proj_ws/install/turtlesim/include/turtlesim/turtlesim/srv/detail/kill__type_support.cpp
[19.083s] -- Installing: /home/mimi/4_sem_proj_ws/install/turtlesim/include/turtlesim/turtlesim/srv/detail/teleport_relative__rosidl_typesupport_introspection_cpp.hpp
[19.083s] -- Installing: /home/mimi/4_sem_proj_ws/install/turtlesim/include/turtlesim/turtlesim/srv/detail/spawn__type_support.cpp
[19.083s] -- Installing: /home/mimi/4_sem_proj_ws/install/turtlesim/include/turtlesim/turtlesim/srv/detail/set_pen__type_support.cpp
[19.083s] -- Installing: /home/mimi/4_sem_proj_ws/install/turtlesim/include/turtlesim/turtlesim/srv/detail/spawn__rosidl_typesupport_introspection_cpp.hpp
[19.083s] -- Installing: /home/mimi/4_sem_proj_ws/install/turtlesim/include/turtlesim/turtlesim/srv/detail/teleport_relative__type_support.cpp
[19.083s] -- Installing: /home/mimi/4_sem_proj_ws/install/turtlesim/include/turtlesim/turtlesim/srv/detail/set_pen__rosidl_typesupport_introspection_cpp.hpp
[19.083s] -- Installing: /home/mimi/4_sem_proj_ws/install/turtlesim/include/turtlesim/turtlesim/srv/detail/teleport_absolute__rosidl_typesupport_introspection_cpp.hpp
[19.083s] -- Installing: /home/mimi/4_sem_proj_ws/install/turtlesim/lib/libturtlesim__rosidl_typesupport_introspection_cpp.so
[19.083s] -- Set runtime path of "/home/mimi/4_sem_proj_ws/install/turtlesim/lib/libturtlesim__rosidl_typesupport_introspection_cpp.so" to ""
[19.084s] -- Installing: /home/mimi/4_sem_proj_ws/install/turtlesim/lib/libturtlesim__rosidl_typesupport_cpp.so
[19.084s] -- Set runtime path of "/home/mimi/4_sem_proj_ws/install/turtlesim/lib/libturtlesim__rosidl_typesupport_cpp.so" to ""
[19.084s] -- Installing: /home/mimi/4_sem_proj_ws/install/turtlesim/share/turtlesim/environment/pythonpath.sh
[19.084s] -- Installing: /home/mimi/4_sem_proj_ws/install/turtlesim/share/turtlesim/environment/pythonpath.dsv
[19.084s] -- Installing: /home/mimi/4_sem_proj_ws/install/turtlesim/local/lib/python3.10/dist-packages/turtlesim-1.4.1-py3.10.egg-info
[19.084s] -- Installing: /home/mimi/4_sem_proj_ws/install/turtlesim/local/lib/python3.10/dist-packages/turtlesim-1.4.1-py3.10.egg-info/top_level.txt
[19.084s] -- Installing: /home/mimi/4_sem_proj_ws/install/turtlesim/local/lib/python3.10/dist-packages/turtlesim-1.4.1-py3.10.egg-info/PKG-INFO
[19.084s] -- Installing: /home/mimi/4_sem_proj_ws/install/turtlesim/local/lib/python3.10/dist-packages/turtlesim-1.4.1-py3.10.egg-info/dependency_links.txt
[19.084s] -- Installing: /home/mimi/4_sem_proj_ws/install/turtlesim/local/lib/python3.10/dist-packages/turtlesim-1.4.1-py3.10.egg-info/SOURCES.txt
[19.084s] -- Installing: /home/mimi/4_sem_proj_ws/install/turtlesim/local/lib/python3.10/dist-packages/turtlesim
[19.084s] -- Installing: /home/mimi/4_sem_proj_ws/install/turtlesim/local/lib/python3.10/dist-packages/turtlesim/__init__.py
[19.084s] -- Installing: /home/mimi/4_sem_proj_ws/install/turtlesim/local/lib/python3.10/dist-packages/turtlesim/turtlesim_s__rosidl_typesupport_c.cpython-310-x86_64-linux-gnu.so
[19.084s] -- Installing: /home/mimi/4_sem_proj_ws/install/turtlesim/local/lib/python3.10/dist-packages/turtlesim/msg
[19.084s] -- Installing: /home/mimi/4_sem_proj_ws/install/turtlesim/local/lib/python3.10/dist-packages/turtlesim/msg/__init__.py
[19.084s] -- Installing: /home/mimi/4_sem_proj_ws/install/turtlesim/local/lib/python3.10/dist-packages/turtlesim/msg/_color.py
[19.085s] -- Installing: /home/mimi/4_sem_proj_ws/install/turtlesim/local/lib/python3.10/dist-packages/turtlesim/msg/_pose_s.c
[19.085s] -- Installing: /home/mimi/4_sem_proj_ws/install/turtlesim/local/lib/python3.10/dist-packages/turtlesim/msg/_color_s.c
[19.085s] -- Installing: /home/mimi/4_sem_proj_ws/install/turtlesim/local/lib/python3.10/dist-packages/turtlesim/msg/_pose.py
[19.085s] -- Installing: /home/mimi/4_sem_proj_ws/install/turtlesim/local/lib/python3.10/dist-packages/turtlesim/_turtlesim_s.ep.rosidl_typesupport_fastrtps_c.c
[19.085s] -- Installing: /home/mimi/4_sem_proj_ws/install/turtlesim/local/lib/python3.10/dist-packages/turtlesim/_turtlesim_s.ep.rosidl_typesupport_c.c
[19.085s] -- Installing: /home/mimi/4_sem_proj_ws/install/turtlesim/local/lib/python3.10/dist-packages/turtlesim/_turtlesim_s.ep.rosidl_typesupport_introspection_c.c
[19.085s] -- Installing: /home/mimi/4_sem_proj_ws/install/turtlesim/local/lib/python3.10/dist-packages/turtlesim/action
[19.085s] -- Installing: /home/mimi/4_sem_proj_ws/install/turtlesim/local/lib/python3.10/dist-packages/turtlesim/action/__init__.py
[19.085s] -- Installing: /home/mimi/4_sem_proj_ws/install/turtlesim/local/lib/python3.10/dist-packages/turtlesim/action/_rotate_absolute.py
[19.085s] -- Installing: /home/mimi/4_sem_proj_ws/install/turtlesim/local/lib/python3.10/dist-packages/turtlesim/action/_rotate_absolute_s.c
[19.085s] -- Installing: /home/mimi/4_sem_proj_ws/install/turtlesim/local/lib/python3.10/dist-packages/turtlesim/srv
[19.085s] -- Installing: /home/mimi/4_sem_proj_ws/install/turtlesim/local/lib/python3.10/dist-packages/turtlesim/srv/__init__.py
[19.085s] -- Installing: /home/mimi/4_sem_proj_ws/install/turtlesim/local/lib/python3.10/dist-packages/turtlesim/srv/_spawn_s.c
[19.085s] -- Installing: /home/mimi/4_sem_proj_ws/install/turtlesim/local/lib/python3.10/dist-packages/turtlesim/srv/_spawn.py
[19.086s] -- Installing: /home/mimi/4_sem_proj_ws/install/turtlesim/local/lib/python3.10/dist-packages/turtlesim/srv/_set_pen.py
[19.086s] -- Installing: /home/mimi/4_sem_proj_ws/install/turtlesim/local/lib/python3.10/dist-packages/turtlesim/srv/_teleport_relative_s.c
[19.086s] -- Installing: /home/mimi/4_sem_proj_ws/install/turtlesim/local/lib/python3.10/dist-packages/turtlesim/srv/_kill_s.c
[19.086s] -- Installing: /home/mimi/4_sem_proj_ws/install/turtlesim/local/lib/python3.10/dist-packages/turtlesim/srv/_teleport_relative.py
[19.086s] -- Installing: /home/mimi/4_sem_proj_ws/install/turtlesim/local/lib/python3.10/dist-packages/turtlesim/srv/_teleport_absolute_s.c
[19.086s] -- Installing: /home/mimi/4_sem_proj_ws/install/turtlesim/local/lib/python3.10/dist-packages/turtlesim/srv/_kill.py
[19.086s] -- Installing: /home/mimi/4_sem_proj_ws/install/turtlesim/local/lib/python3.10/dist-packages/turtlesim/srv/_set_pen_s.c
[19.086s] -- Installing: /home/mimi/4_sem_proj_ws/install/turtlesim/local/lib/python3.10/dist-packages/turtlesim/srv/_teleport_absolute.py
[19.086s] -- Installing: /home/mimi/4_sem_proj_ws/install/turtlesim/local/lib/python3.10/dist-packages/turtlesim/turtlesim_s__rosidl_typesupport_introspection_c.cpython-310-x86_64-linux-gnu.so
[19.086s] -- Installing: /home/mimi/4_sem_proj_ws/install/turtlesim/local/lib/python3.10/dist-packages/turtlesim/turtlesim_s__rosidl_typesupport_fastrtps_c.cpython-310-x86_64-linux-gnu.so
[19.086s] -- Installing: /home/mimi/4_sem_proj_ws/install/turtlesim/local/lib/python3.10/dist-packages/turtlesim/libturtlesim__rosidl_generator_py.so
[19.122s] Listing '/home/mimi/4_sem_proj_ws/install/turtlesim/local/lib/python3.10/dist-packages/turtlesim'...
[19.122s] Compiling '/home/mimi/4_sem_proj_ws/install/turtlesim/local/lib/python3.10/dist-packages/turtlesim/__init__.py'...
[19.122s] Listing '/home/mimi/4_sem_proj_ws/install/turtlesim/local/lib/python3.10/dist-packages/turtlesim/action'...
[19.122s] Compiling '/home/mimi/4_sem_proj_ws/install/turtlesim/local/lib/python3.10/dist-packages/turtlesim/action/__init__.py'...
[19.122s] Compiling '/home/mimi/4_sem_proj_ws/install/turtlesim/local/lib/python3.10/dist-packages/turtlesim/action/_rotate_absolute.py'...
[19.122s] Listing '/home/mimi/4_sem_proj_ws/install/turtlesim/local/lib/python3.10/dist-packages/turtlesim/msg'...
[19.122s] Compiling '/home/mimi/4_sem_proj_ws/install/turtlesim/local/lib/python3.10/dist-packages/turtlesim/msg/__init__.py'...
[19.122s] Compiling '/home/mimi/4_sem_proj_ws/install/turtlesim/local/lib/python3.10/dist-packages/turtlesim/msg/_color.py'...
[19.122s] Compiling '/home/mimi/4_sem_proj_ws/install/turtlesim/local/lib/python3.10/dist-packages/turtlesim/msg/_pose.py'...
[19.122s] Listing '/home/mimi/4_sem_proj_ws/install/turtlesim/local/lib/python3.10/dist-packages/turtlesim/srv'...
[19.122s] Compiling '/home/mimi/4_sem_proj_ws/install/turtlesim/local/lib/python3.10/dist-packages/turtlesim/srv/__init__.py'...
[19.122s] Compiling '/home/mimi/4_sem_proj_ws/install/turtlesim/local/lib/python3.10/dist-packages/turtlesim/srv/_kill.py'...
[19.122s] Compiling '/home/mimi/4_sem_proj_ws/install/turtlesim/local/lib/python3.10/dist-packages/turtlesim/srv/_set_pen.py'...
[19.122s] Compiling '/home/mimi/4_sem_proj_ws/install/turtlesim/local/lib/python3.10/dist-packages/turtlesim/srv/_spawn.py'...
[19.123s] Compiling '/home/mimi/4_sem_proj_ws/install/turtlesim/local/lib/python3.10/dist-packages/turtlesim/srv/_teleport_absolute.py'...
[19.123s] Compiling '/home/mimi/4_sem_proj_ws/install/turtlesim/local/lib/python3.10/dist-packages/turtlesim/srv/_teleport_relative.py'...
[19.125s] -- Installing: /home/mimi/4_sem_proj_ws/install/turtlesim/local/lib/python3.10/dist-packages/turtlesim/turtlesim_s__rosidl_typesupport_fastrtps_c.cpython-310-x86_64-linux-gnu.so
[19.125s] -- Set runtime path of "/home/mimi/4_sem_proj_ws/install/turtlesim/local/lib/python3.10/dist-packages/turtlesim/turtlesim_s__rosidl_typesupport_fastrtps_c.cpython-310-x86_64-linux-gnu.so" to ""
[19.126s] -- Installing: /home/mimi/4_sem_proj_ws/install/turtlesim/local/lib/python3.10/dist-packages/turtlesim/turtlesim_s__rosidl_typesupport_introspection_c.cpython-310-x86_64-linux-gnu.so
[19.126s] -- Set runtime path of "/home/mimi/4_sem_proj_ws/install/turtlesim/local/lib/python3.10/dist-packages/turtlesim/turtlesim_s__rosidl_typesupport_introspection_c.cpython-310-x86_64-linux-gnu.so" to ""
[19.126s] -- Installing: /home/mimi/4_sem_proj_ws/install/turtlesim/local/lib/python3.10/dist-packages/turtlesim/turtlesim_s__rosidl_typesupport_c.cpython-310-x86_64-linux-gnu.so
[19.126s] -- Set runtime path of "/home/mimi/4_sem_proj_ws/install/turtlesim/local/lib/python3.10/dist-packages/turtlesim/turtlesim_s__rosidl_typesupport_c.cpython-310-x86_64-linux-gnu.so" to ""
[19.126s] -- Installing: /home/mimi/4_sem_proj_ws/install/turtlesim/lib/libturtlesim__rosidl_generator_py.so
[19.126s] -- Set runtime path of "/home/mimi/4_sem_proj_ws/install/turtlesim/lib/libturtlesim__rosidl_generator_py.so" to ""
[19.127s] -- Installing: /home/mimi/4_sem_proj_ws/install/turtlesim/share/turtlesim/action/RotateAbsolute.idl
[19.127s] -- Installing: /home/mimi/4_sem_proj_ws/install/turtlesim/share/turtlesim/msg/Color.idl
[19.127s] -- Installing: /home/mimi/4_sem_proj_ws/install/turtlesim/share/turtlesim/msg/Pose.idl
[19.127s] -- Installing: /home/mimi/4_sem_proj_ws/install/turtlesim/share/turtlesim/srv/Kill.idl
[19.127s] -- Installing: /home/mimi/4_sem_proj_ws/install/turtlesim/share/turtlesim/srv/SetPen.idl
[19.127s] -- Installing: /home/mimi/4_sem_proj_ws/install/turtlesim/share/turtlesim/srv/Spawn.idl
[19.127s] -- Installing: /home/mimi/4_sem_proj_ws/install/turtlesim/share/turtlesim/srv/TeleportAbsolute.idl
[19.127s] -- Installing: /home/mimi/4_sem_proj_ws/install/turtlesim/share/turtlesim/srv/TeleportRelative.idl
[19.127s] -- Installing: /home/mimi/4_sem_proj_ws/install/turtlesim/share/turtlesim/action/RotateAbsolute.action
[19.127s] -- Installing: /home/mimi/4_sem_proj_ws/install/turtlesim/share/turtlesim/msg/Color.msg
[19.127s] -- Installing: /home/mimi/4_sem_proj_ws/install/turtlesim/share/turtlesim/msg/Pose.msg
[19.127s] -- Installing: /home/mimi/4_sem_proj_ws/install/turtlesim/share/turtlesim/srv/Kill.srv
[19.127s] -- Installing: /home/mimi/4_sem_proj_ws/install/turtlesim/share/turtlesim/srv/Kill_Request.msg
[19.127s] -- Installing: /home/mimi/4_sem_proj_ws/install/turtlesim/share/turtlesim/srv/Kill_Response.msg
[19.127s] -- Installing: /home/mimi/4_sem_proj_ws/install/turtlesim/share/turtlesim/srv/SetPen.srv
[19.127s] -- Installing: /home/mimi/4_sem_proj_ws/install/turtlesim/share/turtlesim/srv/SetPen_Request.msg
[19.127s] -- Installing: /home/mimi/4_sem_proj_ws/install/turtlesim/share/turtlesim/srv/SetPen_Response.msg
[19.127s] -- Installing: /home/mimi/4_sem_proj_ws/install/turtlesim/share/turtlesim/srv/Spawn.srv
[19.128s] -- Installing: /home/mimi/4_sem_proj_ws/install/turtlesim/share/turtlesim/srv/Spawn_Request.msg
[19.128s] -- Installing: /home/mimi/4_sem_proj_ws/install/turtlesim/share/turtlesim/srv/Spawn_Response.msg
[19.128s] -- Installing: /home/mimi/4_sem_proj_ws/install/turtlesim/share/turtlesim/srv/TeleportAbsolute.srv
[19.128s] -- Installing: /home/mimi/4_sem_proj_ws/install/turtlesim/share/turtlesim/srv/TeleportAbsolute_Request.msg
[19.128s] -- Installing: /home/mimi/4_sem_proj_ws/install/turtlesim/share/turtlesim/srv/TeleportAbsolute_Response.msg
[19.128s] -- Installing: /home/mimi/4_sem_proj_ws/install/turtlesim/share/turtlesim/srv/TeleportRelative.srv
[19.128s] -- Installing: /home/mimi/4_sem_proj_ws/install/turtlesim/share/turtlesim/srv/TeleportRelative_Request.msg
[19.128s] -- Installing: /home/mimi/4_sem_proj_ws/install/turtlesim/share/turtlesim/srv/TeleportRelative_Response.msg
[19.128s] -- Installing: /home/mimi/4_sem_proj_ws/install/turtlesim/lib/turtlesim/turtlesim_node
[19.133s] -- Set runtime path of "/home/mimi/4_sem_proj_ws/install/turtlesim/lib/turtlesim/turtlesim_node" to ""
[19.133s] -- Installing: /home/mimi/4_sem_proj_ws/install/turtlesim/lib/turtlesim/turtle_teleop_key
[19.134s] -- Set runtime path of "/home/mimi/4_sem_proj_ws/install/turtlesim/lib/turtlesim/turtle_teleop_key" to ""
[19.134s] -- Installing: /home/mimi/4_sem_proj_ws/install/turtlesim/lib/turtlesim/draw_square
[19.136s] -- Set runtime path of "/home/mimi/4_sem_proj_ws/install/turtlesim/lib/turtlesim/draw_square" to ""
[19.136s] -- Installing: /home/mimi/4_sem_proj_ws/install/turtlesim/lib/turtlesim/mimic
[19.138s] -- Set runtime path of "/home/mimi/4_sem_proj_ws/install/turtlesim/lib/turtlesim/mimic" to ""
[19.138s] -- Installing: /home/mimi/4_sem_proj_ws/install/turtlesim/share/turtlesim/images
[19.138s] -- Installing: /home/mimi/4_sem_proj_ws/install/turtlesim/share/turtlesim/images/bouncy.png
[19.138s] -- Installing: /home/mimi/4_sem_proj_ws/install/turtlesim/share/turtlesim/images/galactic.png
[19.138s] -- Installing: /home/mimi/4_sem_proj_ws/install/turtlesim/share/turtlesim/images/eloquent.png
[19.138s] -- Installing: /home/mimi/4_sem_proj_ws/install/turtlesim/share/turtlesim/images/ardent.png
[19.138s] -- Installing: /home/mimi/4_sem_proj_ws/install/turtlesim/share/turtlesim/images/foxy.png
[19.139s] -- Installing: /home/mimi/4_sem_proj_ws/install/turtlesim/share/turtlesim/images/crystal.png
[19.139s] -- Installing: /home/mimi/4_sem_proj_ws/install/turtlesim/share/turtlesim/images/dashing.png
[19.139s] -- Installing: /home/mimi/4_sem_proj_ws/install/turtlesim/share/turtlesim/images/rolling.png
[19.139s] -- Installing: /home/mimi/4_sem_proj_ws/install/turtlesim/share/turtlesim/images/humble.png
[19.139s] -- Installing: /home/mimi/4_sem_proj_ws/install/turtlesim/share/turtlesim/launch
[19.139s] -- Installing: /home/mimi/4_sem_proj_ws/install/turtlesim/share/turtlesim/launch/multisim.launch.py
[19.139s] -- Installing: /home/mimi/4_sem_proj_ws/install/turtlesim/share/ament_index/resource_index/package_run_dependencies/turtlesim
[19.139s] -- Installing: /home/mimi/4_sem_proj_ws/install/turtlesim/share/ament_index/resource_index/parent_prefix_path/turtlesim
[19.139s] -- Installing: /home/mimi/4_sem_proj_ws/install/turtlesim/share/turtlesim/environment/ament_prefix_path.sh
[19.139s] -- Installing: /home/mimi/4_sem_proj_ws/install/turtlesim/share/turtlesim/environment/ament_prefix_path.dsv
[19.139s] -- Installing: /home/mimi/4_sem_proj_ws/install/turtlesim/share/turtlesim/environment/path.sh
[19.139s] -- Installing: /home/mimi/4_sem_proj_ws/install/turtlesim/share/turtlesim/environment/path.dsv
[19.139s] -- Installing: /home/mimi/4_sem_proj_ws/install/turtlesim/share/turtlesim/local_setup.bash
[19.139s] -- Installing: /home/mimi/4_sem_proj_ws/install/turtlesim/share/turtlesim/local_setup.sh
[19.139s] -- Installing: /home/mimi/4_sem_proj_ws/install/turtlesim/share/turtlesim/local_setup.zsh
[19.139s] -- Installing: /home/mimi/4_sem_proj_ws/install/turtlesim/share/turtlesim/local_setup.dsv
[19.139s] -- Installing: /home/mimi/4_sem_proj_ws/install/turtlesim/share/turtlesim/package.dsv
[19.139s] -- Installing: /home/mimi/4_sem_proj_ws/install/turtlesim/share/ament_index/resource_index/packages/turtlesim
[19.139s] -- Installing: /home/mimi/4_sem_proj_ws/install/turtlesim/share/turtlesim/cmake/export_turtlesim__rosidl_generator_cExport.cmake
[19.139s] -- Installing: /home/mimi/4_sem_proj_ws/install/turtlesim/share/turtlesim/cmake/export_turtlesim__rosidl_generator_cExport-noconfig.cmake
[19.139s] -- Installing: /home/mimi/4_sem_proj_ws/install/turtlesim/share/turtlesim/cmake/export_turtlesim__rosidl_typesupport_fastrtps_cExport.cmake
[19.140s] -- Installing: /home/mimi/4_sem_proj_ws/install/turtlesim/share/turtlesim/cmake/export_turtlesim__rosidl_typesupport_fastrtps_cExport-noconfig.cmake
[19.140s] -- Installing: /home/mimi/4_sem_proj_ws/install/turtlesim/share/turtlesim/cmake/export_turtlesim__rosidl_generator_cppExport.cmake
[19.140s] -- Installing: /home/mimi/4_sem_proj_ws/install/turtlesim/share/turtlesim/cmake/export_turtlesim__rosidl_typesupport_fastrtps_cppExport.cmake
[19.140s] -- Installing: /home/mimi/4_sem_proj_ws/install/turtlesim/share/turtlesim/cmake/export_turtlesim__rosidl_typesupport_fastrtps_cppExport-noconfig.cmake
[19.140s] -- Installing: /home/mimi/4_sem_proj_ws/install/turtlesim/share/turtlesim/cmake/turtlesim__rosidl_typesupport_introspection_cExport.cmake
[19.140s] -- Installing: /home/mimi/4_sem_proj_ws/install/turtlesim/share/turtlesim/cmake/turtlesim__rosidl_typesupport_introspection_cExport-noconfig.cmake
[19.140s] -- Installing: /home/mimi/4_sem_proj_ws/install/turtlesim/share/turtlesim/cmake/turtlesim__rosidl_typesupport_cExport.cmake
[19.140s] -- Installing: /home/mimi/4_sem_proj_ws/install/turtlesim/share/turtlesim/cmake/turtlesim__rosidl_typesupport_cExport-noconfig.cmake
[19.140s] -- Installing: /home/mimi/4_sem_proj_ws/install/turtlesim/share/turtlesim/cmake/turtlesim__rosidl_typesupport_introspection_cppExport.cmake
[19.140s] -- Installing: /home/mimi/4_sem_proj_ws/install/turtlesim/share/turtlesim/cmake/turtlesim__rosidl_typesupport_introspection_cppExport-noconfig.cmake
[19.140s] -- Installing: /home/mimi/4_sem_proj_ws/install/turtlesim/share/turtlesim/cmake/turtlesim__rosidl_typesupport_cppExport.cmake
[19.140s] -- Installing: /home/mimi/4_sem_proj_ws/install/turtlesim/share/turtlesim/cmake/turtlesim__rosidl_typesupport_cppExport-noconfig.cmake
[19.140s] -- Installing: /home/mimi/4_sem_proj_ws/install/turtlesim/share/turtlesim/cmake/export_turtlesim__rosidl_generator_pyExport.cmake
[19.140s] -- Installing: /home/mimi/4_sem_proj_ws/install/turtlesim/share/turtlesim/cmake/export_turtlesim__rosidl_generator_pyExport-noconfig.cmake
[19.141s] -- Installing: /home/mimi/4_sem_proj_ws/install/turtlesim/share/turtlesim/cmake/rosidl_cmake-extras.cmake
[19.141s] -- Installing: /home/mimi/4_sem_proj_ws/install/turtlesim/share/turtlesim/cmake/ament_cmake_export_dependencies-extras.cmake
[19.141s] -- Installing: /home/mimi/4_sem_proj_ws/install/turtlesim/share/turtlesim/cmake/ament_cmake_export_include_directories-extras.cmake
[19.141s] -- Installing: /home/mimi/4_sem_proj_ws/install/turtlesim/share/turtlesim/cmake/ament_cmake_export_libraries-extras.cmake
[19.141s] -- Installing: /home/mimi/4_sem_proj_ws/install/turtlesim/share/turtlesim/cmake/ament_cmake_export_targets-extras.cmake
[19.141s] -- Installing: /home/mimi/4_sem_proj_ws/install/turtlesim/share/turtlesim/cmake/rosidl_cmake_export_typesupport_targets-extras.cmake
[19.141s] -- Installing: /home/mimi/4_sem_proj_ws/install/turtlesim/share/turtlesim/cmake/rosidl_cmake_export_typesupport_libraries-extras.cmake
[19.141s] -- Installing: /home/mimi/4_sem_proj_ws/install/turtlesim/share/turtlesim/cmake/turtlesimConfig.cmake
[19.141s] -- Installing: /home/mimi/4_sem_proj_ws/install/turtlesim/share/turtlesim/cmake/turtlesimConfig-version.cmake
[19.141s] -- Installing: /home/mimi/4_sem_proj_ws/install/turtlesim/share/turtlesim/package.xml
[19.143s] Invoked command in '/home/mimi/4_sem_proj_ws/build/turtlesim' returned '0': CMAKE_PREFIX_PATH=/home/mimi/ros2_ws/install/new_controller:/opt/ros/humble /usr/bin/cmake --install /home/mimi/4_sem_proj_ws/build/turtlesim
