[0.945s] Invoking command in '/home/mimi/4_sem_proj_ws/src/connector': PYTHONPATH=/home/mimi/4_sem_proj_ws/build/connector/prefix_override:/home/mimi/4_sem_proj_ws/install/connector/lib/python3.10/site-packages:${PYTHONPATH} /usr/bin/python3 setup.py egg_info --egg-base ../../build/connector build --build-base /home/mimi/4_sem_proj_ws/build/connector/build install --record /home/mimi/4_sem_proj_ws/build/connector/install.log --single-version-externally-managed
[1.151s] running egg_info
[1.152s] writing ../../build/connector/connector.egg-info/PKG-INFO
[1.152s] writing dependency_links to ../../build/connector/connector.egg-info/dependency_links.txt
[1.152s] writing entry points to ../../build/connector/connector.egg-info/entry_points.txt
[1.152s] writing requirements to ../../build/connector/connector.egg-info/requires.txt
[1.152s] writing top-level names to ../../build/connector/connector.egg-info/top_level.txt
[1.155s] reading manifest file '../../build/connector/connector.egg-info/SOURCES.txt'
[1.155s] writing manifest file '../../build/connector/connector.egg-info/SOURCES.txt'
[1.156s] running build
[1.156s] running build_py
[1.156s] running install
[1.156s] running install_lib
[1.157s] running install_data
[1.158s] running install_egg_info
[1.159s] removing '/home/mimi/4_sem_proj_ws/install/connector/lib/python3.10/site-packages/connector-0.0.0-py3.10.egg-info' (and everything under it)
[1.159s] Copying ../../build/connector/connector.egg-info to /home/mimi/4_sem_proj_ws/install/connector/lib/python3.10/site-packages/connector-0.0.0-py3.10.egg-info
[1.160s] running install_scripts
[1.177s] Installing connector script to /home/mimi/4_sem_proj_ws/install/connector/lib/connector
[1.178s] writing list of installed files to '/home/mimi/4_sem_proj_ws/build/connector/install.log'
[1.235s] Invoked command in '/home/mimi/4_sem_proj_ws/src/connector' returned '0': PYTHONPATH=/home/mimi/4_sem_proj_ws/build/connector/prefix_override:/home/mimi/4_sem_proj_ws/install/connector/lib/python3.10/site-packages:${PYTHONPATH} /usr/bin/python3 setup.py egg_info --egg-base ../../build/connector build --build-base /home/mimi/4_sem_proj_ws/build/connector/build install --record /home/mimi/4_sem_proj_ws/build/connector/install.log --single-version-externally-managed
