running egg_info
writing ../../build/tello/tello.egg-info/PKG-INFO
writing dependency_links to ../../build/tello/tello.egg-info/dependency_links.txt
writing entry points to ../../build/tello/tello.egg-info/entry_points.txt
writing requirements to ../../build/tello/tello.egg-info/requires.txt
writing top-level names to ../../build/tello/tello.egg-info/top_level.txt
reading manifest file '../../build/tello/tello.egg-info/SOURCES.txt'
writing manifest file '../../build/tello/tello.egg-info/SOURCES.txt'
running build
running build_py
running install
running install_lib
running install_data
copying package.xml -> /home/mimi/Documents/GitHub/P4/ros2_ws/install/tello/share/tello
running install_egg_info
removing '/home/mimi/Documents/GitHub/P4/ros2_ws/install/tello/lib/python3.10/site-packages/tello-0.0.0-py3.10.egg-info' (and everything under it)
Copying ../../build/tello/tello.egg-info to /home/mimi/Documents/GitHub/P4/ros2_ws/install/tello/lib/python3.10/site-packages/tello-0.0.0-py3.10.egg-info
running install_scripts
Installing connector script to /home/mimi/Documents/GitHub/P4/ros2_ws/install/tello/lib/tello
Installing image_processor script to /home/mimi/Documents/GitHub/P4/ros2_ws/install/tello/lib/tello
Installing movement script to /home/mimi/Documents/GitHub/P4/ros2_ws/install/tello/lib/tello
writing list of installed files to '/home/mimi/Documents/GitHub/P4/ros2_ws/build/tello/install.log'
