[0.443s] Invoking command in '/home/mimi/Documents/GitHub/P4/ros2_ws/src/tello': PYTHONPATH=/home/mimi/Documents/GitHub/P4/ros2_ws/build/tello/prefix_override:/home/mimi/Documents/GitHub/P4/ros2_ws/install/tello/lib/python3.10/site-packages:${PYTHONPATH} /usr/bin/python3 setup.py egg_info --egg-base ../../build/tello build --build-base /home/mimi/Documents/GitHub/P4/ros2_ws/build/tello/build install --record /home/mimi/Documents/GitHub/P4/ros2_ws/build/tello/install.log --single-version-externally-managed
[0.613s] running egg_info
[0.614s] creating ../../build/tello/tello.egg-info
[0.614s] writing ../../build/tello/tello.egg-info/PKG-INFO
[0.614s] writing dependency_links to ../../build/tello/tello.egg-info/dependency_links.txt
[0.614s] writing entry points to ../../build/tello/tello.egg-info/entry_points.txt
[0.614s] writing requirements to ../../build/tello/tello.egg-info/requires.txt
[0.614s] writing top-level names to ../../build/tello/tello.egg-info/top_level.txt
[0.614s] writing manifest file '../../build/tello/tello.egg-info/SOURCES.txt'
[0.615s] reading manifest file '../../build/tello/tello.egg-info/SOURCES.txt'
[0.615s] writing manifest file '../../build/tello/tello.egg-info/SOURCES.txt'
[0.616s] running build
[0.616s] running build_py
[0.616s] creating /home/mimi/Documents/GitHub/P4/ros2_ws/build/tello/build
[0.616s] creating /home/mimi/Documents/GitHub/P4/ros2_ws/build/tello/build/lib
[0.616s] creating /home/mimi/Documents/GitHub/P4/ros2_ws/build/tello/build/lib/tello
[0.616s] copying tello/__init__.py -> /home/mimi/Documents/GitHub/P4/ros2_ws/build/tello/build/lib/tello
[0.616s] running install
[0.616s] running install_lib
[0.616s] creating /home/mimi/Documents/GitHub/P4/ros2_ws/install/tello/lib/python3.10/site-packages/tello
[0.616s] copying /home/mimi/Documents/GitHub/P4/ros2_ws/build/tello/build/lib/tello/__init__.py -> /home/mimi/Documents/GitHub/P4/ros2_ws/install/tello/lib/python3.10/site-packages/tello
[0.617s] byte-compiling /home/mimi/Documents/GitHub/P4/ros2_ws/install/tello/lib/python3.10/site-packages/tello/__init__.py to __init__.cpython-310.pyc
[0.617s] running install_data
[0.617s] creating /home/mimi/Documents/GitHub/P4/ros2_ws/install/tello/share/ament_index
[0.617s] creating /home/mimi/Documents/GitHub/P4/ros2_ws/install/tello/share/ament_index/resource_index
[0.617s] creating /home/mimi/Documents/GitHub/P4/ros2_ws/install/tello/share/ament_index/resource_index/packages
[0.617s] copying resource/tello -> /home/mimi/Documents/GitHub/P4/ros2_ws/install/tello/share/ament_index/resource_index/packages
[0.617s] copying package.xml -> /home/mimi/Documents/GitHub/P4/ros2_ws/install/tello/share/tello
[0.618s] running install_egg_info
[0.619s] Copying ../../build/tello/tello.egg-info to /home/mimi/Documents/GitHub/P4/ros2_ws/install/tello/lib/python3.10/site-packages/tello-0.0.0-py3.10.egg-info
[0.619s] running install_scripts
[0.633s] writing list of installed files to '/home/mimi/Documents/GitHub/P4/ros2_ws/build/tello/install.log'
[0.651s] Invoked command in '/home/mimi/Documents/GitHub/P4/ros2_ws/src/tello' returned '0': PYTHONPATH=/home/mimi/Documents/GitHub/P4/ros2_ws/build/tello/prefix_override:/home/mimi/Documents/GitHub/P4/ros2_ws/install/tello/lib/python3.10/site-packages:${PYTHONPATH} /usr/bin/python3 setup.py egg_info --egg-base ../../build/tello build --build-base /home/mimi/Documents/GitHub/P4/ros2_ws/build/tello/build install --record /home/mimi/Documents/GitHub/P4/ros2_ws/build/tello/install.log --single-version-externally-managed
