running egg_info
creating ../../build/connector/connector.egg-info
writing ../../build/connector/connector.egg-info/PKG-INFO
writing dependency_links to ../../build/connector/connector.egg-info/dependency_links.txt
writing entry points to ../../build/connector/connector.egg-info/entry_points.txt
writing requirements to ../../build/connector/connector.egg-info/requires.txt
writing top-level names to ../../build/connector/connector.egg-info/top_level.txt
writing manifest file '../../build/connector/connector.egg-info/SOURCES.txt'
reading manifest file '../../build/connector/connector.egg-info/SOURCES.txt'
writing manifest file '../../build/connector/connector.egg-info/SOURCES.txt'
running build
running build_py
creating /home/mimi/4_sem_proj_ws/build/connector/build
creating /home/mimi/4_sem_proj_ws/build/connector/build/lib
creating /home/mimi/4_sem_proj_ws/build/connector/build/lib/connector
copying connector/__init__.py -> /home/mimi/4_sem_proj_ws/build/connector/build/lib/connector
running install
running install_lib
creating /home/mimi/4_sem_proj_ws/install/connector/lib/python3.10/site-packages/connector
copying /home/mimi/4_sem_proj_ws/build/connector/build/lib/connector/__init__.py -> /home/mimi/4_sem_proj_ws/install/connector/lib/python3.10/site-packages/connector
byte-compiling /home/mimi/4_sem_proj_ws/install/connector/lib/python3.10/site-packages/connector/__init__.py to __init__.cpython-310.pyc
running install_data
creating /home/mimi/4_sem_proj_ws/install/connector/share/ament_index
creating /home/mimi/4_sem_proj_ws/install/connector/share/ament_index/resource_index
creating /home/mimi/4_sem_proj_ws/install/connector/share/ament_index/resource_index/packages
copying resource/connector -> /home/mimi/4_sem_proj_ws/install/connector/share/ament_index/resource_index/packages
copying package.xml -> /home/mimi/4_sem_proj_ws/install/connector/share/connector
running install_egg_info
Copying ../../build/connector/connector.egg-info to /home/mimi/4_sem_proj_ws/install/connector/lib/python3.10/site-packages/connector-0.0.0-py3.10.egg-info
running install_scripts
writing list of installed files to '/home/mimi/4_sem_proj_ws/build/connector/install.log'
