[0.953s] Invoking command in '/home/mimi/4_sem_proj_ws/src/connector': PYTHONPATH=/home/mimi/4_sem_proj_ws/build/connector/prefix_override:/home/mimi/4_sem_proj_ws/install/connector/lib/python3.10/site-packages:${PYTHONPATH} /usr/bin/python3 setup.py egg_info --egg-base ../../build/connector build --build-base /home/mimi/4_sem_proj_ws/build/connector/build install --record /home/mimi/4_sem_proj_ws/build/connector/install.log --single-version-externally-managed
[1.160s] running egg_info
[1.160s] creating ../../build/connector/connector.egg-info
[1.160s] writing ../../build/connector/connector.egg-info/PKG-INFO
[1.161s] writing dependency_links to ../../build/connector/connector.egg-info/dependency_links.txt
[1.161s] writing entry points to ../../build/connector/connector.egg-info/entry_points.txt
[1.161s] writing requirements to ../../build/connector/connector.egg-info/requires.txt
[1.161s] writing top-level names to ../../build/connector/connector.egg-info/top_level.txt
[1.161s] writing manifest file '../../build/connector/connector.egg-info/SOURCES.txt'
[1.166s] reading manifest file '../../build/connector/connector.egg-info/SOURCES.txt'
[1.166s] writing manifest file '../../build/connector/connector.egg-info/SOURCES.txt'
[1.166s] running build
[1.166s] running build_py
[1.166s] creating /home/mimi/4_sem_proj_ws/build/connector/build
[1.166s] creating /home/mimi/4_sem_proj_ws/build/connector/build/lib
[1.166s] creating /home/mimi/4_sem_proj_ws/build/connector/build/lib/connector
[1.166s] copying connector/__init__.py -> /home/mimi/4_sem_proj_ws/build/connector/build/lib/connector
[1.166s] running install
[1.166s] running install_lib
[1.166s] creating /home/mimi/4_sem_proj_ws/install/connector/lib/python3.10/site-packages/connector
[1.166s] copying /home/mimi/4_sem_proj_ws/build/connector/build/lib/connector/__init__.py -> /home/mimi/4_sem_proj_ws/install/connector/lib/python3.10/site-packages/connector
[1.166s] byte-compiling /home/mimi/4_sem_proj_ws/install/connector/lib/python3.10/site-packages/connector/__init__.py to __init__.cpython-310.pyc
[1.166s] running install_data
[1.167s] creating /home/mimi/4_sem_proj_ws/install/connector/share/ament_index
[1.167s] creating /home/mimi/4_sem_proj_ws/install/connector/share/ament_index/resource_index
[1.167s] creating /home/mimi/4_sem_proj_ws/install/connector/share/ament_index/resource_index/packages
[1.167s] copying resource/connector -> /home/mimi/4_sem_proj_ws/install/connector/share/ament_index/resource_index/packages
[1.167s] copying package.xml -> /home/mimi/4_sem_proj_ws/install/connector/share/connector
[1.167s] running install_egg_info
[1.167s] Copying ../../build/connector/connector.egg-info to /home/mimi/4_sem_proj_ws/install/connector/lib/python3.10/site-packages/connector-0.0.0-py3.10.egg-info
[1.167s] running install_scripts
[1.185s] writing list of installed files to '/home/mimi/4_sem_proj_ws/build/connector/install.log'
[1.232s] Invoked command in '/home/mimi/4_sem_proj_ws/src/connector' returned '0': PYTHONPATH=/home/mimi/4_sem_proj_ws/build/connector/prefix_override:/home/mimi/4_sem_proj_ws/install/connector/lib/python3.10/site-packages:${PYTHONPATH} /usr/bin/python3 setup.py egg_info --egg-base ../../build/connector build --build-base /home/mimi/4_sem_proj_ws/build/connector/build install --record /home/mimi/4_sem_proj_ws/build/connector/install.log --single-version-externally-managed
