[0.716s] Invoking command in '/home/mimi/Documents/GitHub/P4/ros2_ws/src/tello': PYTHONPATH=/home/mimi/Documents/GitHub/P4/ros2_ws/build/tello/prefix_override:/home/mimi/Documents/GitHub/P4/ros2_ws/install/tello/lib/python3.10/site-packages:${PYTHONPATH} /usr/bin/python3 setup.py egg_info --egg-base ../../build/tello build --build-base /home/mimi/Documents/GitHub/P4/ros2_ws/build/tello/build install --record /home/mimi/Documents/GitHub/P4/ros2_ws/build/tello/install.log --single-version-externally-managed
[0.894s] running egg_info
[0.894s] writing ../../build/tello/tello.egg-info/PKG-INFO
[0.894s] writing dependency_links to ../../build/tello/tello.egg-info/dependency_links.txt
[0.895s] writing entry points to ../../build/tello/tello.egg-info/entry_points.txt
[0.895s] writing requirements to ../../build/tello/tello.egg-info/requires.txt
[0.895s] writing top-level names to ../../build/tello/tello.egg-info/top_level.txt
[0.896s] reading manifest file '../../build/tello/tello.egg-info/SOURCES.txt'
[0.897s] writing manifest file '../../build/tello/tello.egg-info/SOURCES.txt'
[0.897s] running build
[0.897s] running build_py
[0.897s] copying tello/connector.py -> /home/mimi/Documents/GitHub/P4/ros2_ws/build/tello/build/lib/tello
[0.897s] running install
[0.897s] running install_lib
[0.898s] copying /home/mimi/Documents/GitHub/P4/ros2_ws/build/tello/build/lib/tello/connector.py -> /home/mimi/Documents/GitHub/P4/ros2_ws/install/tello/lib/python3.10/site-packages/tello
[0.898s] byte-compiling /home/mimi/Documents/GitHub/P4/ros2_ws/install/tello/lib/python3.10/site-packages/tello/connector.py to connector.cpython-310.pyc
[0.899s] running install_data
[0.899s] running install_egg_info
[0.900s] removing '/home/mimi/Documents/GitHub/P4/ros2_ws/install/tello/lib/python3.10/site-packages/tello-0.0.0-py3.10.egg-info' (and everything under it)
[0.900s] Copying ../../build/tello/tello.egg-info to /home/mimi/Documents/GitHub/P4/ros2_ws/install/tello/lib/python3.10/site-packages/tello-0.0.0-py3.10.egg-info
[0.901s] running install_scripts
[0.915s] Installing connector script to /home/mimi/Documents/GitHub/P4/ros2_ws/install/tello/lib/tello
[0.915s] Installing image_processor script to /home/mimi/Documents/GitHub/P4/ros2_ws/install/tello/lib/tello
[0.915s] Installing movement script to /home/mimi/Documents/GitHub/P4/ros2_ws/install/tello/lib/tello
[0.916s] writing list of installed files to '/home/mimi/Documents/GitHub/P4/ros2_ws/build/tello/install.log'
[1.067s] Invoked command in '/home/mimi/Documents/GitHub/P4/ros2_ws/src/tello' returned '0': PYTHONPATH=/home/mimi/Documents/GitHub/P4/ros2_ws/build/tello/prefix_override:/home/mimi/Documents/GitHub/P4/ros2_ws/install/tello/lib/python3.10/site-packages:${PYTHONPATH} /usr/bin/python3 setup.py egg_info --egg-base ../../build/tello build --build-base /home/mimi/Documents/GitHub/P4/ros2_ws/build/tello/build install --record /home/mimi/Documents/GitHub/P4/ros2_ws/build/tello/install.log --single-version-externally-managed
