[0.779s] Invoking command in '/home/jonas/ros2_ws/build/tello': PYTHONPATH=/home/jonas/ros2_ws/build/tello/prefix_override:/home/jonas/ros2_ws/install/tello/lib/python3.10/site-packages:${PYTHONPATH} /usr/bin/python3 setup.py develop --editable --build-directory /home/jonas/ros2_ws/build/tello/build --no-deps install_data
[0.986s] running develop
[0.986s] /usr/lib/python3/dist-packages/setuptools/command/easy_install.py:158: EasyInstallDeprecationWarning: easy_install command is deprecated. Use build and pip and other standards-based tools.
[0.986s]   warnings.warn(
[0.987s] /usr/lib/python3/dist-packages/setuptools/command/install.py:34: SetuptoolsDeprecationWarning: setup.py install is deprecated. Use build and pip and other standards-based tools.
[0.987s]   warnings.warn(
[1.034s] /usr/lib/python3/dist-packages/pkg_resources/__init__.py:116: PkgResourcesDeprecationWarning: 1.16.0-unknown is an invalid version and will not be supported in a future release
[1.035s]   warnings.warn(
[1.035s] /usr/lib/python3/dist-packages/pkg_resources/__init__.py:116: PkgResourcesDeprecationWarning: 1.1build1 is an invalid version and will not be supported in a future release
[1.035s]   warnings.warn(
[1.035s] /usr/lib/python3/dist-packages/pkg_resources/__init__.py:116: PkgResourcesDeprecationWarning: 0.1.43ubuntu1 is an invalid version and will not be supported in a future release
[1.035s]   warnings.warn(
[1.121s] running egg_info
[1.121s] writing tello.egg-info/PKG-INFO
[1.121s] writing dependency_links to tello.egg-info/dependency_links.txt
[1.121s] writing entry points to tello.egg-info/entry_points.txt
[1.121s] writing requirements to tello.egg-info/requires.txt
[1.121s] writing top-level names to tello.egg-info/top_level.txt
[1.123s] reading manifest file 'tello.egg-info/SOURCES.txt'
[1.123s] writing manifest file 'tello.egg-info/SOURCES.txt'
[1.124s] running build_ext
[1.125s] Creating /home/jonas/ros2_ws/install/tello/lib/python3.10/site-packages/tello.egg-link (link to .)
[1.126s] Installing connector script to /home/jonas/ros2_ws/install/tello/lib/tello
[1.126s] Installing image_processor script to /home/jonas/ros2_ws/install/tello/lib/tello
[1.126s] Installing movement script to /home/jonas/ros2_ws/install/tello/lib/tello
[1.126s] 
[1.126s] Installed /home/jonas/ros2_ws/build/tello
[1.126s] running install_data
[1.288s] Invoked command in '/home/jonas/ros2_ws/build/tello' returned '0': PYTHONPATH=/home/jonas/ros2_ws/build/tello/prefix_override:/home/jonas/ros2_ws/install/tello/lib/python3.10/site-packages:${PYTHONPATH} /usr/bin/python3 setup.py develop --editable --build-directory /home/jonas/ros2_ws/build/tello/build --no-deps install_data
