[0.910s] Invoking command in '/home/mimi/4_sem_proj_ws/src/image_processor': PYTHONPATH=/home/mimi/4_sem_proj_ws/build/image_processor/prefix_override:/home/mimi/4_sem_proj_ws/install/image_processor/lib/python3.10/site-packages:${PYTHONPATH} /usr/bin/python3 setup.py egg_info --egg-base ../../build/image_processor build --build-base /home/mimi/4_sem_proj_ws/build/image_processor/build install --record /home/mimi/4_sem_proj_ws/build/image_processor/install.log --single-version-externally-managed
[1.113s] running egg_info
[1.113s] writing ../../build/image_processor/image_processor.egg-info/PKG-INFO
[1.113s] writing dependency_links to ../../build/image_processor/image_processor.egg-info/dependency_links.txt
[1.113s] writing entry points to ../../build/image_processor/image_processor.egg-info/entry_points.txt
[1.113s] writing requirements to ../../build/image_processor/image_processor.egg-info/requires.txt
[1.113s] writing top-level names to ../../build/image_processor/image_processor.egg-info/top_level.txt
[1.115s] reading manifest file '../../build/image_processor/image_processor.egg-info/SOURCES.txt'
[1.116s] writing manifest file '../../build/image_processor/image_processor.egg-info/SOURCES.txt'
[1.116s] running build
[1.116s] running build_py
[1.116s] running install
[1.116s] running install_lib
[1.117s] running install_data
[1.118s] running install_egg_info
[1.119s] removing '/home/mimi/4_sem_proj_ws/install/image_processor/lib/python3.10/site-packages/image_processor-0.0.0-py3.10.egg-info' (and everything under it)
[1.120s] Copying ../../build/image_processor/image_processor.egg-info to /home/mimi/4_sem_proj_ws/install/image_processor/lib/python3.10/site-packages/image_processor-0.0.0-py3.10.egg-info
[1.120s] running install_scripts
[1.138s] writing list of installed files to '/home/mimi/4_sem_proj_ws/build/image_processor/install.log'
[1.191s] Invoked command in '/home/mimi/4_sem_proj_ws/src/image_processor' returned '0': PYTHONPATH=/home/mimi/4_sem_proj_ws/build/image_processor/prefix_override:/home/mimi/4_sem_proj_ws/install/image_processor/lib/python3.10/site-packages:${PYTHONPATH} /usr/bin/python3 setup.py egg_info --egg-base ../../build/image_processor build --build-base /home/mimi/4_sem_proj_ws/build/image_processor/build install --record /home/mimi/4_sem_proj_ws/build/image_processor/install.log --single-version-externally-managed
