[0.687s] Invoking command in '/home/mimi/Documents/GitHub/P4/ros2_ws/src/tello': PYTHONPATH=/home/mimi/Documents/GitHub/P4/ros2_ws/build/tello/prefix_override:/home/mimi/Documents/GitHub/P4/ros2_ws/install/tello/lib/python3.10/site-packages:${PYTHONPATH} /usr/bin/python3 setup.py egg_info --egg-base ../../build/tello build --build-base /home/mimi/Documents/GitHub/P4/ros2_ws/build/tello/build install --record /home/mimi/Documents/GitHub/P4/ros2_ws/build/tello/install.log --single-version-externally-managed
[0.862s] running egg_info
[0.862s] writing ../../build/tello/tello.egg-info/PKG-INFO
[0.862s] writing dependency_links to ../../build/tello/tello.egg-info/dependency_links.txt
[0.863s] writing entry points to ../../build/tello/tello.egg-info/entry_points.txt
[0.863s] writing requirements to ../../build/tello/tello.egg-info/requires.txt
[0.863s] writing top-level names to ../../build/tello/tello.egg-info/top_level.txt
[0.864s] reading manifest file '../../build/tello/tello.egg-info/SOURCES.txt'
[0.864s] writing manifest file '../../build/tello/tello.egg-info/SOURCES.txt'
[0.864s] running build
[0.865s] running build_py
[0.865s] copying tello/image_processor.py -> /home/mimi/Documents/GitHub/P4/ros2_ws/build/tello/build/lib/tello
[0.865s] running install
[0.865s] running install_lib
[0.866s] copying /home/mimi/Documents/GitHub/P4/ros2_ws/build/tello/build/lib/tello/image_processor.py -> /home/mimi/Documents/GitHub/P4/ros2_ws/install/tello/lib/python3.10/site-packages/tello
[0.866s] byte-compiling /home/mimi/Documents/GitHub/P4/ros2_ws/install/tello/lib/python3.10/site-packages/tello/image_processor.py to image_processor.cpython-310.pyc
[0.868s] running install_data
[0.868s] running install_egg_info
[0.869s] removing '/home/mimi/Documents/GitHub/P4/ros2_ws/install/tello/lib/python3.10/site-packages/tello-0.0.0-py3.10.egg-info' (and everything under it)
[0.870s] Copying ../../build/tello/tello.egg-info to /home/mimi/Documents/GitHub/P4/ros2_ws/install/tello/lib/python3.10/site-packages/tello-0.0.0-py3.10.egg-info
[0.870s] running install_scripts
[0.884s] Installing connector script to /home/mimi/Documents/GitHub/P4/ros2_ws/install/tello/lib/tello
[0.884s] Installing image_processor script to /home/mimi/Documents/GitHub/P4/ros2_ws/install/tello/lib/tello
[0.884s] Installing movement script to /home/mimi/Documents/GitHub/P4/ros2_ws/install/tello/lib/tello
[0.884s] writing list of installed files to '/home/mimi/Documents/GitHub/P4/ros2_ws/build/tello/install.log'
[1.023s] Invoked command in '/home/mimi/Documents/GitHub/P4/ros2_ws/src/tello' returned '0': PYTHONPATH=/home/mimi/Documents/GitHub/P4/ros2_ws/build/tello/prefix_override:/home/mimi/Documents/GitHub/P4/ros2_ws/install/tello/lib/python3.10/site-packages:${PYTHONPATH} /usr/bin/python3 setup.py egg_info --egg-base ../../build/tello build --build-base /home/mimi/Documents/GitHub/P4/ros2_ws/build/tello/build install --record /home/mimi/Documents/GitHub/P4/ros2_ws/build/tello/install.log --single-version-externally-managed
