running develop
/usr/lib/python3/dist-packages/setuptools/command/easy_install.py:158: EasyInstallDeprecationWarning: easy_install command is deprecated. Use build and pip and other standards-based tools.
  warnings.warn(
/usr/lib/python3/dist-packages/setuptools/command/install.py:34: SetuptoolsDeprecationWarning: setup.py install is deprecated. Use build and pip and other standards-based tools.
  warnings.warn(
/usr/lib/python3/dist-packages/pkg_resources/__init__.py:116: PkgResourcesDeprecationWarning: 1.16.0-unknown is an invalid version and will not be supported in a future release
  warnings.warn(
/usr/lib/python3/dist-packages/pkg_resources/__init__.py:116: PkgResourcesDeprecationWarning: 1.1build1 is an invalid version and will not be supported in a future release
  warnings.warn(
/usr/lib/python3/dist-packages/pkg_resources/__init__.py:116: PkgResourcesDeprecationWarning: 0.1.43ubuntu1 is an invalid version and will not be supported in a future release
  warnings.warn(
running egg_info
writing tello.egg-info/PKG-INFO
writing dependency_links to tello.egg-info/dependency_links.txt
writing entry points to tello.egg-info/entry_points.txt
writing requirements to tello.egg-info/requires.txt
writing top-level names to tello.egg-info/top_level.txt
reading manifest file 'tello.egg-info/SOURCES.txt'
writing manifest file 'tello.egg-info/SOURCES.txt'
running build_ext
Creating /home/jonas/ros2_ws/install/tello/lib/python3.10/site-packages/tello.egg-link (link to .)
Installing connector script to /home/jonas/ros2_ws/install/tello/lib/tello
Installing image_processor script to /home/jonas/ros2_ws/install/tello/lib/tello
Installing movement script to /home/jonas/ros2_ws/install/tello/lib/tello

Installed /home/jonas/ros2_ws/build/tello
running install_data
