[0.015s] Invoking command in '/home/jonas/test_ws/src/articubot_one/build/articubot_one': CMAKE_PREFIX_PATH=/opt/ros/humble /usr/bin/cmake /home/jonas/test_ws/src/articubot_one -DAMENT_CMAKE_SYMLINK_INSTALL=1 -DCMAKE_INSTALL_PREFIX=/home/jonas/test_ws/src/articubot_one/install/articubot_one
[0.162s] -- The C compiler identification is GNU 11.3.0
[0.267s] -- The CXX compiler identification is GNU 11.3.0
[0.277s] -- Detecting C compiler ABI info
[0.338s] -- Detecting C compiler ABI info - done
[0.344s] -- Check for working C compiler: /usr/bin/cc - skipped
[0.345s] -- Detecting C compile features
[0.346s] -- Detecting C compile features - done
[0.349s] -- Detecting CXX compiler ABI info
[0.417s] -- Detecting CXX compiler ABI info - done
[0.423s] -- Check for working CXX compiler: /usr/bin/c++ - skipped
[0.423s] -- Detecting CXX compile features
[0.423s] -- Detecting CXX compile features - done
[0.431s] -- Found ament_cmake: 1.3.3 (/opt/ros/humble/share/ament_cmake/cmake)
[0.583s] -- Found Python3: /usr/bin/python3.10 (found version "3.10.6") found components: Interpreter 
[0.656s] -- Override CMake install command with custom implementation using symlinks instead of copying resources
[0.683s] -- Found ament_lint_auto: 0.12.5 (/opt/ros/humble/share/ament_lint_auto/cmake)
[0.762s] -- Added test 'copyright' to check source files copyright and LICENSE
[0.793s] -- Added test 'cppcheck' to perform static code analysis on C / C++ code
[0.794s] -- Configured cppcheck include dirs: 
[0.794s] -- Configured cppcheck exclude dirs and/or files: 
[0.821s] -- Added test 'cpplint' to check C / C++ code against the Google style
[0.821s] -- Configured cpplint exclude dirs and/or files: 
[0.824s] -- Added test 'flake8' to check Python code syntax and style conventions
[0.831s] -- Added test 'lint_cmake' to check CMake code style
[0.834s] -- Added test 'pep257' to check Python code against some of the docstring style conventions in PEP 257
[0.855s] -- Added test 'uncrustify' to check C / C++ code style
[0.855s] -- Configured uncrustify additional arguments: 
[0.859s] -- Added test 'xmllint' to check XML markup files
[0.860s] -- Configuring done
[0.863s] -- Generating done
[0.864s] -- Build files have been written to: /home/jonas/test_ws/src/articubot_one/build/articubot_one
[0.868s] Invoked command in '/home/jonas/test_ws/src/articubot_one/build/articubot_one' returned '0': CMAKE_PREFIX_PATH=/opt/ros/humble /usr/bin/cmake /home/jonas/test_ws/src/articubot_one -DAMENT_CMAKE_SYMLINK_INSTALL=1 -DCMAKE_INSTALL_PREFIX=/home/jonas/test_ws/src/articubot_one/install/articubot_one
[0.870s] Invoking command in '/home/jonas/test_ws/src/articubot_one/build/articubot_one': CMAKE_PREFIX_PATH=/opt/ros/humble /usr/bin/cmake --build /home/jonas/test_ws/src/articubot_one/build/articubot_one -- -j8 -l8
[0.896s] Invoked command in '/home/jonas/test_ws/src/articubot_one/build/articubot_one' returned '0': CMAKE_PREFIX_PATH=/opt/ros/humble /usr/bin/cmake --build /home/jonas/test_ws/src/articubot_one/build/articubot_one -- -j8 -l8
[0.923s] Invoking command in '/home/jonas/test_ws/src/articubot_one/build/articubot_one': CMAKE_PREFIX_PATH=/opt/ros/humble /usr/bin/cmake --install /home/jonas/test_ws/src/articubot_one/build/articubot_one
[0.928s] -- Install configuration: ""
[0.929s] -- Execute custom install script
[0.929s] -- Symlinking: /home/jonas/test_ws/src/articubot_one/install/articubot_one/share/articubot_one/config/ball_tracker_params_robot.yaml
[0.936s] -- Symlinking: /home/jonas/test_ws/src/articubot_one/install/articubot_one/share/articubot_one/config/ball_tracker_params_sim.yaml
[0.942s] -- Symlinking: /home/jonas/test_ws/src/articubot_one/install/articubot_one/share/articubot_one/config/drive_bot.rviz
[0.949s] -- Symlinking: /home/jonas/test_ws/src/articubot_one/install/articubot_one/share/articubot_one/config/empty.yaml
[0.955s] -- Symlinking: /home/jonas/test_ws/src/articubot_one/install/articubot_one/share/articubot_one/config/gaz_ros2_ctl_use_sim.yaml
[0.961s] -- Symlinking: /home/jonas/test_ws/src/articubot_one/install/articubot_one/share/articubot_one/config/gazebo_params.yaml
[0.968s] -- Symlinking: /home/jonas/test_ws/src/articubot_one/install/articubot_one/share/articubot_one/config/joystick.yaml
[0.974s] -- Symlinking: /home/jonas/test_ws/src/articubot_one/install/articubot_one/share/articubot_one/config/main.rviz
[0.979s] -- Symlinking: /home/jonas/test_ws/src/articubot_one/install/articubot_one/share/articubot_one/config/map.rviz
[0.986s] -- Symlinking: /home/jonas/test_ws/src/articubot_one/install/articubot_one/share/articubot_one/config/mapper_params_online_async.yaml
[0.992s] -- Symlinking: /home/jonas/test_ws/src/articubot_one/install/articubot_one/share/articubot_one/config/my_controllers.yaml
[1.000s] -- Symlinking: /home/jonas/test_ws/src/articubot_one/install/articubot_one/share/articubot_one/config/nav2_params.yaml
[1.007s] -- Symlinking: /home/jonas/test_ws/src/articubot_one/install/articubot_one/share/articubot_one/config/twist_mux.yaml
[1.016s] -- Symlinking: /home/jonas/test_ws/src/articubot_one/install/articubot_one/share/articubot_one/config/view_bot.rviz
[1.023s] -- Symlinking: /home/jonas/test_ws/src/articubot_one/install/articubot_one/share/articubot_one/description/camera.xacro
[1.030s] -- Symlinking: /home/jonas/test_ws/src/articubot_one/install/articubot_one/share/articubot_one/description/depth_camera.xacro
[1.036s] -- Symlinking: /home/jonas/test_ws/src/articubot_one/install/articubot_one/share/articubot_one/description/face.xacro
[1.041s] -- Symlinking: /home/jonas/test_ws/src/articubot_one/install/articubot_one/share/articubot_one/description/gazebo_control.xacro
[1.048s] -- Symlinking: /home/jonas/test_ws/src/articubot_one/install/articubot_one/share/articubot_one/description/inertial_macros.xacro
[1.056s] -- Symlinking: /home/jonas/test_ws/src/articubot_one/install/articubot_one/share/articubot_one/description/lidar.xacro
[1.066s] -- Symlinking: /home/jonas/test_ws/src/articubot_one/install/articubot_one/share/articubot_one/description/meshes/AR-tag_bottom.dae
[1.075s] -- Symlinking: /home/jonas/test_ws/src/articubot_one/install/articubot_one/share/articubot_one/description/meshes/AR-tag_bottom.stl
[1.085s] -- Symlinking: /home/jonas/test_ws/src/articubot_one/install/articubot_one/share/articubot_one/description/meshes/AR-tag_mount_v2.stl
[1.091s] -- Symlinking: /home/jonas/test_ws/src/articubot_one/install/articubot_one/share/articubot_one/description/meshes/AR-tag_top.dae
[1.097s] -- Symlinking: /home/jonas/test_ws/src/articubot_one/install/articubot_one/share/articubot_one/description/meshes/AR-tag_top.stl
[1.104s] -- Symlinking: /home/jonas/test_ws/src/articubot_one/install/articubot_one/share/articubot_one/description/robot.urdf.xacro
[1.113s] -- Symlinking: /home/jonas/test_ws/src/articubot_one/install/articubot_one/share/articubot_one/description/robot_core.xacro
[1.121s] -- Symlinking: /home/jonas/test_ws/src/articubot_one/install/articubot_one/share/articubot_one/description/ros2_control.xacro
[1.127s] -- Symlinking: /home/jonas/test_ws/src/articubot_one/install/articubot_one/share/articubot_one/launch/ball_tracker.launch.py
[1.134s] -- Symlinking: /home/jonas/test_ws/src/articubot_one/install/articubot_one/share/articubot_one/launch/camera.launch.py
[1.139s] -- Symlinking: /home/jonas/test_ws/src/articubot_one/install/articubot_one/share/articubot_one/launch/joystick.launch.py
[1.145s] -- Symlinking: /home/jonas/test_ws/src/articubot_one/install/articubot_one/share/articubot_one/launch/launch_robot.launch.py
[1.151s] -- Symlinking: /home/jonas/test_ws/src/articubot_one/install/articubot_one/share/articubot_one/launch/launch_sim.launch.py
[1.157s] -- Symlinking: /home/jonas/test_ws/src/articubot_one/install/articubot_one/share/articubot_one/launch/localization_launch.py
[1.162s] -- Symlinking: /home/jonas/test_ws/src/articubot_one/install/articubot_one/share/articubot_one/launch/navigation_launch.py
[1.169s] -- Symlinking: /home/jonas/test_ws/src/articubot_one/install/articubot_one/share/articubot_one/launch/online_async_launch.py
[1.175s] -- Symlinking: /home/jonas/test_ws/src/articubot_one/install/articubot_one/share/articubot_one/launch/rplidar.launch.py
[1.181s] -- Symlinking: /home/jonas/test_ws/src/articubot_one/install/articubot_one/share/articubot_one/launch/rsp.launch.py
[1.187s] -- Symlinking: /home/jonas/test_ws/src/articubot_one/install/articubot_one/share/articubot_one/worlds/empty.world
[1.193s] -- Symlinking: /home/jonas/test_ws/src/articubot_one/install/articubot_one/share/articubot_one/worlds/obstacles.world
[1.200s] -- Symlinking: /home/jonas/test_ws/src/articubot_one/install/articubot_one/share/ament_index/resource_index/package_run_dependencies/articubot_one
[1.207s] -- Symlinking: /home/jonas/test_ws/src/articubot_one/install/articubot_one/share/ament_index/resource_index/parent_prefix_path/articubot_one
[1.216s] -- Symlinking: /home/jonas/test_ws/src/articubot_one/install/articubot_one/share/articubot_one/environment/ament_prefix_path.sh
[1.222s] -- Symlinking: /home/jonas/test_ws/src/articubot_one/install/articubot_one/share/articubot_one/environment/ament_prefix_path.dsv
[1.228s] -- Symlinking: /home/jonas/test_ws/src/articubot_one/install/articubot_one/share/articubot_one/environment/path.sh
[1.236s] -- Symlinking: /home/jonas/test_ws/src/articubot_one/install/articubot_one/share/articubot_one/environment/path.dsv
[1.241s] -- Symlinking: /home/jonas/test_ws/src/articubot_one/install/articubot_one/share/articubot_one/local_setup.bash
[1.247s] -- Symlinking: /home/jonas/test_ws/src/articubot_one/install/articubot_one/share/articubot_one/local_setup.sh
[1.254s] -- Symlinking: /home/jonas/test_ws/src/articubot_one/install/articubot_one/share/articubot_one/local_setup.zsh
[1.260s] -- Symlinking: /home/jonas/test_ws/src/articubot_one/install/articubot_one/share/articubot_one/local_setup.dsv
[1.268s] -- Symlinking: /home/jonas/test_ws/src/articubot_one/install/articubot_one/share/articubot_one/package.dsv
[1.273s] -- Symlinking: /home/jonas/test_ws/src/articubot_one/install/articubot_one/share/ament_index/resource_index/packages/articubot_one
[1.279s] -- Symlinking: /home/jonas/test_ws/src/articubot_one/install/articubot_one/share/articubot_one/cmake/articubot_oneConfig.cmake
[1.285s] -- Symlinking: /home/jonas/test_ws/src/articubot_one/install/articubot_one/share/articubot_one/cmake/articubot_oneConfig-version.cmake
[1.291s] -- Symlinking: /home/jonas/test_ws/src/articubot_one/install/articubot_one/share/articubot_one/package.xml
[1.299s] Invoked command in '/home/jonas/test_ws/src/articubot_one/build/articubot_one' returned '0': CMAKE_PREFIX_PATH=/opt/ros/humble /usr/bin/cmake --install /home/jonas/test_ws/src/articubot_one/build/articubot_one
