[0.008s] Invoking command in '/home/jonas/test_ws/build/articubot_one': CMAKE_PREFIX_PATH=/opt/ros/humble /usr/bin/cmake /home/jonas/test_ws/src/articubot_one -DAMENT_CMAKE_SYMLINK_INSTALL=1 -DCMAKE_INSTALL_PREFIX=/home/jonas/test_ws/install/articubot_one
[0.121s] -- The C compiler identification is GNU 11.3.0
[0.237s] -- The CXX compiler identification is GNU 11.3.0
[0.247s] -- Detecting C compiler ABI info
[0.315s] -- Detecting C compiler ABI info - done
[0.325s] -- Check for working C compiler: /usr/bin/cc - skipped
[0.326s] -- Detecting C compile features
[0.326s] -- Detecting C compile features - done
[0.330s] -- Detecting CXX compiler ABI info
[0.399s] -- Detecting CXX compiler ABI info - done
[0.406s] -- Check for working CXX compiler: /usr/bin/c++ - skipped
[0.406s] -- Detecting CXX compile features
[0.406s] -- Detecting CXX compile features - done
[0.410s] -- Found ament_cmake: 1.3.3 (/opt/ros/humble/share/ament_cmake/cmake)
[0.553s] -- Found Python3: /usr/bin/python3.10 (found version "3.10.6") found components: Interpreter 
[0.606s] -- Override CMake install command with custom implementation using symlinks instead of copying resources
[0.632s] -- Found ament_lint_auto: 0.12.5 (/opt/ros/humble/share/ament_lint_auto/cmake)
[0.703s] -- Added test 'copyright' to check source files copyright and LICENSE
[0.706s] -- Added test 'flake8' to check Python code syntax and style conventions
[0.706s] -- Added test 'lint_cmake' to check CMake code style
[0.707s] -- Added test 'pep257' to check Python code against some of the docstring style conventions in PEP 257
[0.709s] -- Added test 'xmllint' to check XML markup files
[0.711s] -- Configuring done
[0.713s] -- Generating done
[0.713s] -- Build files have been written to: /home/jonas/test_ws/build/articubot_one
[0.719s] Invoked command in '/home/jonas/test_ws/build/articubot_one' returned '0': CMAKE_PREFIX_PATH=/opt/ros/humble /usr/bin/cmake /home/jonas/test_ws/src/articubot_one -DAMENT_CMAKE_SYMLINK_INSTALL=1 -DCMAKE_INSTALL_PREFIX=/home/jonas/test_ws/install/articubot_one
[0.720s] Invoking command in '/home/jonas/test_ws/build/articubot_one': CMAKE_PREFIX_PATH=/opt/ros/humble /usr/bin/cmake --build /home/jonas/test_ws/build/articubot_one -- -j8 -l8
[0.754s] Invoked command in '/home/jonas/test_ws/build/articubot_one' returned '0': CMAKE_PREFIX_PATH=/opt/ros/humble /usr/bin/cmake --build /home/jonas/test_ws/build/articubot_one -- -j8 -l8
[0.788s] Invoking command in '/home/jonas/test_ws/build/articubot_one': CMAKE_PREFIX_PATH=/opt/ros/humble /usr/bin/cmake --install /home/jonas/test_ws/build/articubot_one
[0.796s] -- Install configuration: ""
[0.797s] -- Execute custom install script
[0.797s] -- Symlinking: /home/jonas/test_ws/install/articubot_one/share/articubot_one/config/ball_tracker_params_robot.yaml
[0.808s] -- Symlinking: /home/jonas/test_ws/install/articubot_one/share/articubot_one/config/ball_tracker_params_sim.yaml
[0.814s] -- Symlinking: /home/jonas/test_ws/install/articubot_one/share/articubot_one/config/drive_bot.rviz
[0.820s] -- Symlinking: /home/jonas/test_ws/install/articubot_one/share/articubot_one/config/empty.yaml
[0.826s] -- Symlinking: /home/jonas/test_ws/install/articubot_one/share/articubot_one/config/gaz_ros2_ctl_use_sim.yaml
[0.832s] -- Symlinking: /home/jonas/test_ws/install/articubot_one/share/articubot_one/config/gazebo_params.yaml
[0.840s] -- Symlinking: /home/jonas/test_ws/install/articubot_one/share/articubot_one/config/joystick.yaml
[0.846s] -- Symlinking: /home/jonas/test_ws/install/articubot_one/share/articubot_one/config/main.rviz
[0.852s] -- Symlinking: /home/jonas/test_ws/install/articubot_one/share/articubot_one/config/map.rviz
[0.858s] -- Symlinking: /home/jonas/test_ws/install/articubot_one/share/articubot_one/config/mapper_params_online_async.yaml
[0.864s] -- Symlinking: /home/jonas/test_ws/install/articubot_one/share/articubot_one/config/my_controllers.yaml
[0.870s] -- Symlinking: /home/jonas/test_ws/install/articubot_one/share/articubot_one/config/nav2_params.yaml
[0.876s] -- Symlinking: /home/jonas/test_ws/install/articubot_one/share/articubot_one/config/twist_mux.yaml
[0.883s] -- Symlinking: /home/jonas/test_ws/install/articubot_one/share/articubot_one/config/view_bot.rviz
[0.890s] -- Symlinking: /home/jonas/test_ws/install/articubot_one/share/articubot_one/description/camera.xacro
[0.897s] -- Symlinking: /home/jonas/test_ws/install/articubot_one/share/articubot_one/description/depth_camera.xacro
[0.906s] -- Symlinking: /home/jonas/test_ws/install/articubot_one/share/articubot_one/description/face.xacro
[0.913s] -- Symlinking: /home/jonas/test_ws/install/articubot_one/share/articubot_one/description/gazebo_control.xacro
[0.922s] -- Symlinking: /home/jonas/test_ws/install/articubot_one/share/articubot_one/description/inertial_macros.xacro
[0.929s] -- Symlinking: /home/jonas/test_ws/install/articubot_one/share/articubot_one/description/lidar.xacro
[0.936s] -- Symlinking: /home/jonas/test_ws/install/articubot_one/share/articubot_one/description/robot.urdf.xacro
[0.944s] -- Symlinking: /home/jonas/test_ws/install/articubot_one/share/articubot_one/description/robot_core.xacro
[0.952s] -- Symlinking: /home/jonas/test_ws/install/articubot_one/share/articubot_one/description/ros2_control.xacro
[0.959s] -- Symlinking: /home/jonas/test_ws/install/articubot_one/share/articubot_one/launch/ball_tracker.launch.py
[0.967s] -- Symlinking: /home/jonas/test_ws/install/articubot_one/share/articubot_one/launch/camera.launch.py
[0.974s] -- Symlinking: /home/jonas/test_ws/install/articubot_one/share/articubot_one/launch/joystick.launch.py
[0.982s] -- Symlinking: /home/jonas/test_ws/install/articubot_one/share/articubot_one/launch/launch_robot.launch.py
[0.989s] -- Symlinking: /home/jonas/test_ws/install/articubot_one/share/articubot_one/launch/launch_sim.launch.py
[0.997s] -- Symlinking: /home/jonas/test_ws/install/articubot_one/share/articubot_one/launch/localization_launch.py
[1.004s] -- Symlinking: /home/jonas/test_ws/install/articubot_one/share/articubot_one/launch/navigation_launch.py
[1.010s] -- Symlinking: /home/jonas/test_ws/install/articubot_one/share/articubot_one/launch/online_async_launch.py
[1.017s] -- Symlinking: /home/jonas/test_ws/install/articubot_one/share/articubot_one/launch/rplidar.launch.py
[1.024s] -- Symlinking: /home/jonas/test_ws/install/articubot_one/share/articubot_one/launch/rsp.launch.py
[1.031s] -- Symlinking: /home/jonas/test_ws/install/articubot_one/share/articubot_one/worlds/empty.world
[1.038s] -- Symlinking: /home/jonas/test_ws/install/articubot_one/share/articubot_one/worlds/obstacles.world
[1.045s] -- Symlinking: /home/jonas/test_ws/install/articubot_one/share/ament_index/resource_index/package_run_dependencies/articubot_one
[1.052s] -- Symlinking: /home/jonas/test_ws/install/articubot_one/share/ament_index/resource_index/parent_prefix_path/articubot_one
[1.058s] -- Symlinking: /home/jonas/test_ws/install/articubot_one/share/articubot_one/environment/ament_prefix_path.sh
[1.065s] -- Symlinking: /home/jonas/test_ws/install/articubot_one/share/articubot_one/environment/ament_prefix_path.dsv
[1.072s] -- Symlinking: /home/jonas/test_ws/install/articubot_one/share/articubot_one/environment/path.sh
[1.078s] -- Symlinking: /home/jonas/test_ws/install/articubot_one/share/articubot_one/environment/path.dsv
[1.085s] -- Symlinking: /home/jonas/test_ws/install/articubot_one/share/articubot_one/local_setup.bash
[1.091s] -- Symlinking: /home/jonas/test_ws/install/articubot_one/share/articubot_one/local_setup.sh
[1.097s] -- Symlinking: /home/jonas/test_ws/install/articubot_one/share/articubot_one/local_setup.zsh
[1.105s] -- Symlinking: /home/jonas/test_ws/install/articubot_one/share/articubot_one/local_setup.dsv
[1.111s] -- Symlinking: /home/jonas/test_ws/install/articubot_one/share/articubot_one/package.dsv
[1.118s] -- Symlinking: /home/jonas/test_ws/install/articubot_one/share/ament_index/resource_index/packages/articubot_one
[1.127s] -- Symlinking: /home/jonas/test_ws/install/articubot_one/share/articubot_one/cmake/articubot_oneConfig.cmake
[1.134s] -- Symlinking: /home/jonas/test_ws/install/articubot_one/share/articubot_one/cmake/articubot_oneConfig-version.cmake
[1.142s] -- Symlinking: /home/jonas/test_ws/install/articubot_one/share/articubot_one/package.xml
[1.150s] Invoked command in '/home/jonas/test_ws/build/articubot_one' returned '0': CMAKE_PREFIX_PATH=/opt/ros/humble /usr/bin/cmake --install /home/jonas/test_ws/build/articubot_one
