/home/mimi/Documents/GitHub/P4/ros2_ws/install/tello/lib/python3.10/site-packages/tello/image_processor.py
/home/mimi/Documents/GitHub/P4/ros2_ws/install/tello/lib/python3.10/site-packages/tello/__init__.py
/home/mimi/Documents/GitHub/P4/ros2_ws/install/tello/lib/python3.10/site-packages/tello/connector.py
/home/mimi/Documents/GitHub/P4/ros2_ws/install/tello/lib/python3.10/site-packages/tello/movement.py
/home/mimi/Documents/GitHub/P4/ros2_ws/install/tello/lib/python3.10/site-packages/tello/__pycache__/image_processor.cpython-310.pyc
/home/mimi/Documents/GitHub/P4/ros2_ws/install/tello/lib/python3.10/site-packages/tello/__pycache__/__init__.cpython-310.pyc
/home/mimi/Documents/GitHub/P4/ros2_ws/install/tello/lib/python3.10/site-packages/tello/__pycache__/connector.cpython-310.pyc
/home/mimi/Documents/GitHub/P4/ros2_ws/install/tello/lib/python3.10/site-packages/tello/__pycache__/movement.cpython-310.pyc
/home/mimi/Documents/GitHub/P4/ros2_ws/install/tello/share/ament_index/resource_index/packages/tello
/home/mimi/Documents/GitHub/P4/ros2_ws/install/tello/share/tello/package.xml
/home/mimi/Documents/GitHub/P4/ros2_ws/install/tello/share/tello
/home/mimi/Documents/GitHub/P4/ros2_ws/install/tello/lib/python3.10/site-packages/tello-0.0.0-py3.10.egg-info/top_level.txt
/home/mimi/Documents/GitHub/P4/ros2_ws/install/tello/lib/python3.10/site-packages/tello-0.0.0-py3.10.egg-info/PKG-INFO
/home/mimi/Documents/GitHub/P4/ros2_ws/install/tello/lib/python3.10/site-packages/tello-0.0.0-py3.10.egg-info/dependency_links.txt
/home/mimi/Documents/GitHub/P4/ros2_ws/install/tello/lib/python3.10/site-packages/tello-0.0.0-py3.10.egg-info/entry_points.txt
/home/mimi/Documents/GitHub/P4/ros2_ws/install/tello/lib/python3.10/site-packages/tello-0.0.0-py3.10.egg-info/SOURCES.txt
/home/mimi/Documents/GitHub/P4/ros2_ws/install/tello/lib/python3.10/site-packages/tello-0.0.0-py3.10.egg-info/zip-safe
/home/mimi/Documents/GitHub/P4/ros2_ws/install/tello/lib/python3.10/site-packages/tello-0.0.0-py3.10.egg-info/requires.txt
/home/mimi/Documents/GitHub/P4/ros2_ws/install/tello/lib/tello/connector
/home/mimi/Documents/GitHub/P4/ros2_ws/install/tello/lib/tello/image_processor
/home/mimi/Documents/GitHub/P4/ros2_ws/install/tello/lib/tello/launch
/home/mimi/Documents/GitHub/P4/ros2_ws/install/tello/lib/tello/movement
